#! /usr/bin/vvp
:ivl_version "11.0 (stable)";
:ivl_delay_selection "TYPICAL";
:vpi_time_precision - 12;
:vpi_module "/usr/lib/x86_64-linux-gnu/ivl/system.vpi";
:vpi_module "/usr/lib/x86_64-linux-gnu/ivl/vhdl_sys.vpi";
:vpi_module "/usr/lib/x86_64-linux-gnu/ivl/vhdl_textio.vpi";
:vpi_module "/usr/lib/x86_64-linux-gnu/ivl/v2005_math.vpi";
:vpi_module "/usr/lib/x86_64-linux-gnu/ivl/va_math.vpi";
S_0x5572a714ba90 .scope module, "singlecycle_tb" "singlecycle_tb" 2 2;
 .timescale -9 -12;
v0x5572a71affc0_0 .var "clk", 0 0;
v0x5572a71b0190_0 .var "rst", 0 0;
S_0x5572a70bc540 .scope module, "u_5_stages_of_singlecycle" "singlecycle" 2 8, 3 2 0, S_0x5572a714ba90;
 .timescale -9 -12;
    .port_info 0 /INPUT 1 "clk";
    .port_info 1 /INPUT 1 "enable";
    .port_info 2 /INPUT 1 "rst";
    .port_info 3 /INPUT 32 "instruction";
v0x5572a71af300_0 .net "alu_out_address", 31 0, L_0x5572a71c1910;  1 drivers
v0x5572a71af3e0_0 .net "clk", 0 0, v0x5572a71affc0_0;  1 drivers
v0x5572a71af480_0 .net "data_mem_request", 0 0, v0x5572a71aa970_0;  1 drivers
v0x5572a71af520_0 .net "datamem_re_we", 0 0, v0x5572a71aa8b0_0;  1 drivers
o0x7fad23a9b5b8 .functor BUFZ 1, C4<z>; HiZ drive
v0x5572a71af5c0_0 .net "enable", 0 0, o0x7fad23a9b5b8;  0 drivers
o0x7fad23a9b3a8 .functor BUFZ 32, C4<zzzzzzzzzzzzzzzzzzzzzzzzzzzzzzzz>; HiZ drive
v0x5572a71af660_0 .net "instruction", 31 0, o0x7fad23a9b3a8;  0 drivers
v0x5572a71af700_0 .net "instruction_out", 31 0, v0x5572a71aebd0_0;  1 drivers
v0x5572a71af7a0_0 .net "load_data_out", 31 0, v0x5572a71ae130_0;  1 drivers
L_0x7fad23a4f018 .functor BUFT 1, C4<1111>, C4<0>, C4<0>, C4<0>;
RS_0x7fad23a9a3e8 .resolv tri, L_0x7fad23a4f018, L_0x5572a71c1980;
v0x5572a71af8f0_0 .net8 "mask", 3 0, RS_0x7fad23a9a3e8;  2 drivers
o0x7fad23a9b3d8 .functor BUFZ 4, C4<zzzz>; HiZ drive
v0x5572a71afad0_0 .net "masking", 3 0, o0x7fad23a9b3d8;  0 drivers
v0x5572a71afb90_0 .net "pc_address", 31 0, L_0x5572a71609d0;  1 drivers
L_0x7fad23a4f0a8 .functor BUFT 1, C4<0>, C4<0>, C4<0>, C4<0>;
v0x5572a71afc30_0 .net "re_we", 0 0, L_0x7fad23a4f0a8;  1 drivers
L_0x7fad23a4f060 .functor BUFT 1, C4<1>, C4<0>, C4<0>, C4<0>;
v0x5572a71afcd0_0 .net "request", 0 0, L_0x7fad23a4f060;  1 drivers
v0x5572a71afd70_0 .net "rst", 0 0, v0x5572a71b0190_0;  1 drivers
v0x5572a71afe10_0 .net "store_dataout", 31 0, v0x5572a71a9cc0_0;  1 drivers
L_0x5572a71b0250 .part L_0x5572a71609d0, 2, 8;
L_0x5572a71c19f0 .part L_0x5572a71c1910, 2, 8;
S_0x5572a70bc360 .scope module, "u_core" "core" 3 37, 4 2 0, S_0x5572a70bc540;
 .timescale -9 -12;
    .port_info 0 /INPUT 1 "clk";
    .port_info 1 /INPUT 1 "rst";
    .port_info 2 /INPUT 32 "instruction";
    .port_info 3 /INPUT 32 "load_data_in";
    .port_info 4 /OUTPUT 1 "re_we";
    .port_info 5 /OUTPUT 1 "request";
    .port_info 6 /OUTPUT 1 "datamem_re_we";
    .port_info 7 /OUTPUT 1 "data_mem_request";
    .port_info 8 /OUTPUT 4 "mask_singal";
    .port_info 9 /OUTPUT 4 "masking";
    .port_info 10 /OUTPUT 32 "store_dataout";
    .port_info 11 /OUTPUT 32 "alu_out_address";
    .port_info 12 /OUTPUT 32 "pc_address";
L_0x5572a71609d0 .functor BUFZ 32, v0x5572a71a7bb0_0, C4<00000000000000000000000000000000>, C4<00000000000000000000000000000000>, C4<00000000000000000000000000000000>;
L_0x5572a71c1910 .functor BUFZ 32, v0x5572a71a6d20_0, C4<00000000000000000000000000000000>, C4<00000000000000000000000000000000>, C4<00000000000000000000000000000000>;
L_0x5572a71c1980 .functor BUFZ 4, v0x5572a71aa0f0_0, C4<0000>, C4<0000>, C4<0000>;
v0x5572a71ac030_0 .net "adder_res", 31 0, v0x5572a71a66c0_0;  1 drivers
v0x5572a71ac1a0_0 .net "alu_control", 3 0, v0x5572a7161df0_0;  1 drivers
v0x5572a71ac260_0 .net "alu_out_address", 31 0, L_0x5572a71c1910;  alias, 1 drivers
v0x5572a71ac320_0 .net "alu_res_out", 31 0, v0x5572a71a6d20_0;  1 drivers
v0x5572a71ac3e0_0 .net "branch_res", 0 0, v0x5572a7161cf0_0;  1 drivers
v0x5572a71ac510_0 .net "clk", 0 0, v0x5572a71affc0_0;  alias, 1 drivers
v0x5572a71ac640_0 .net "data_mem_request", 0 0, v0x5572a71aa970_0;  alias, 1 drivers
v0x5572a71ac6e0_0 .net "datamem_re_we", 0 0, v0x5572a71aa8b0_0;  alias, 1 drivers
v0x5572a71ac780_0 .net "instruction", 31 0, v0x5572a71aebd0_0;  alias, 1 drivers
v0x5572a71ac8b0_0 .net "instruction_out", 31 0, v0x5572a71a88f0_0;  1 drivers
v0x5572a71ac9e0_0 .net "jal", 0 0, v0x5572a719e660_0;  1 drivers
v0x5572a71aca80_0 .net "jalr", 0 0, v0x5572a719db40_0;  1 drivers
v0x5572a71acb20_0 .net "load", 0 0, v0x5572a719dc00_0;  1 drivers
v0x5572a71acbc0_0 .net "load_data_in", 31 0, v0x5572a71ae130_0;  alias, 1 drivers
v0x5572a71acc60_0 .net "mask", 3 0, v0x5572a71aa0f0_0;  1 drivers
v0x5572a71acd20_0 .net8 "mask_singal", 3 0, RS_0x7fad23a9a3e8;  alias, 2 drivers
v0x5572a71acde0_0 .net8 "masking", 3 0, RS_0x7fad23a9a3e8;  alias, 2 drivers
v0x5572a71acf90_0 .net "mem_reg", 1 0, v0x5572a719df00_0;  1 drivers
v0x5572a71ad050_0 .net "op_b", 31 0, L_0x5572a71c0720;  1 drivers
v0x5572a71ad110_0 .net "opa_mux_out", 31 0, L_0x5572a71c1590;  1 drivers
v0x5572a71ad1d0_0 .net "opb_mux_out", 31 0, L_0x5572a71c1460;  1 drivers
v0x5572a71ad320_0 .net "pc_address", 31 0, L_0x5572a71609d0;  alias, 1 drivers
v0x5572a71ad400_0 .net "pc_address_out", 31 0, v0x5572a71a7bb0_0;  1 drivers
v0x5572a71ad4c0_0 .net "rd_wb_data", 31 0, v0x5572a71ab820_0;  1 drivers
v0x5572a71ad610_0 .net "re_we", 0 0, L_0x7fad23a4f0a8;  alias, 1 drivers
v0x5572a71ad6b0_0 .net "request", 0 0, L_0x7fad23a4f060;  alias, 1 drivers
v0x5572a71ad750_0 .net "rst", 0 0, v0x5572a71b0190_0;  alias, 1 drivers
v0x5572a71ad880_0 .net "store", 0 0, v0x5572a719e2e0_0;  1 drivers
v0x5572a71ad920_0 .net "store_dataout", 31 0, v0x5572a71a9cc0_0;  alias, 1 drivers
v0x5572a71ad9c0_0 .net "wrap_load_out", 31 0, v0x5572a71aa010_0;  1 drivers
S_0x5572a70bbb60 .scope module, "u_decode0" "decode" 4 60, 5 2 0, S_0x5572a70bc360;
 .timescale -9 -12;
    .port_info 0 /INPUT 1 "clk";
    .port_info 1 /INPUT 1 "rst";
    .port_info 2 /INPUT 32 "instruction";
    .port_info 3 /INPUT 32 "pc_address";
    .port_info 4 /INPUT 32 "rd_wb_data";
    .port_info 5 /OUTPUT 1 "load";
    .port_info 6 /OUTPUT 1 "store";
    .port_info 7 /OUTPUT 1 "branch";
    .port_info 8 /OUTPUT 1 "jal";
    .port_info 9 /OUTPUT 1 "jalr";
    .port_info 10 /OUTPUT 1 "branch_result";
    .port_info 11 /OUTPUT 4 "alu_control";
    .port_info 12 /OUTPUT 2 "mem_reg";
    .port_info 13 /OUTPUT 32 "opa_mux_out";
    .port_info 14 /OUTPUT 32 "opb_mux_out";
    .port_info 15 /OUTPUT 32 "opb_data";
L_0x5572a71c0720 .functor BUFZ 32, L_0x5572a71c10b0, C4<00000000000000000000000000000000>, C4<00000000000000000000000000000000>, C4<00000000000000000000000000000000>;
v0x5572a71a45c0_0 .net "alu_control", 3 0, v0x5572a7161df0_0;  alias, 1 drivers
v0x5572a71a46a0_0 .net "branch", 0 0, v0x5572a719e3a0_0;  1 drivers
v0x5572a71a4760_0 .net "branch_imm", 31 0, v0x5572a71a0d20_0;  1 drivers
v0x5572a71a4850_0 .net "branch_result", 0 0, v0x5572a7161cf0_0;  alias, 1 drivers
v0x5572a71a48f0_0 .net "clk", 0 0, v0x5572a71affc0_0;  alias, 1 drivers
v0x5572a71a49e0_0 .net "i_type", 31 0, v0x5572a71a0f00_0;  1 drivers
v0x5572a71a4ad0_0 .net "imm_sel", 2 0, v0x5572a719d8e0_0;  1 drivers
v0x5572a71a4b70_0 .net "instruction", 31 0, v0x5572a71a88f0_0;  alias, 1 drivers
v0x5572a71a4c10_0 .net "jal", 0 0, v0x5572a719e660_0;  alias, 1 drivers
v0x5572a71a4cb0_0 .net "jal_imm", 31 0, v0x5572a71a10d0_0;  1 drivers
v0x5572a71a4da0_0 .net "jalr", 0 0, v0x5572a719db40_0;  alias, 1 drivers
v0x5572a71a4e90_0 .net "load", 0 0, v0x5572a719dc00_0;  alias, 1 drivers
v0x5572a71a4f80_0 .net "m1out", 31 0, v0x5572a71a1d00_0;  1 drivers
v0x5572a71a5090_0 .net "mem_en", 0 0, v0x5572a719de40_0;  1 drivers
v0x5572a71a5180_0 .net "mem_reg", 1 0, v0x5572a719df00_0;  alias, 1 drivers
v0x5572a71a5290_0 .net "op_a", 31 0, L_0x5572a71c0ac0;  1 drivers
v0x5572a71a5350_0 .net "op_b", 31 0, L_0x5572a71c10b0;  1 drivers
v0x5572a71a5520_0 .net "opa_mux_out", 31 0, L_0x5572a71c1590;  alias, 1 drivers
v0x5572a71a55e0_0 .net "opb_data", 31 0, L_0x5572a71c0720;  alias, 1 drivers
v0x5572a71a56a0_0 .net "opb_mux_out", 31 0, L_0x5572a71c1460;  alias, 1 drivers
v0x5572a71a5760_0 .net "operand_a", 0 0, v0x5572a719dfe0_0;  1 drivers
v0x5572a71a5800_0 .net "operand_b", 0 0, v0x5572a719e0a0_0;  1 drivers
v0x5572a71a58a0_0 .net "pc_address", 31 0, v0x5572a71a7bb0_0;  alias, 1 drivers
v0x5572a71a5940_0 .net "rd_wb_data", 31 0, v0x5572a71ab820_0;  alias, 1 drivers
v0x5572a71a59e0_0 .net "reg_write", 0 0, v0x5572a719e220_0;  1 drivers
v0x5572a71a5a80_0 .net "rst", 0 0, v0x5572a71b0190_0;  alias, 1 drivers
v0x5572a71a5b20_0 .net "store", 0 0, v0x5572a719e2e0_0;  alias, 1 drivers
v0x5572a71a5c10_0 .net "store_imm", 31 0, v0x5572a71a12e0_0;  1 drivers
v0x5572a71a5d00_0 .net "u_imm", 31 0, v0x5572a71a13c0_0;  1 drivers
L_0x5572a71c0390 .part v0x5572a71a88f0_0, 12, 3;
L_0x5572a71c0430 .part v0x5572a71a88f0_0, 0, 7;
L_0x5572a71c04d0 .part v0x5572a71a88f0_0, 12, 3;
L_0x5572a71c0570 .part v0x5572a71a88f0_0, 30, 1;
L_0x5572a71c1240 .part v0x5572a71a88f0_0, 15, 5;
L_0x5572a71c12e0 .part v0x5572a71a88f0_0, 20, 5;
L_0x5572a71c13c0 .part v0x5572a71a88f0_0, 7, 5;
S_0x5572a70b8f20 .scope module, "u_branch0" "branch" 5 45, 6 1 0, S_0x5572a70bbb60;
 .timescale -9 -12;
    .port_info 0 /INPUT 32 "op_a";
    .port_info 1 /INPUT 32 "op_b";
    .port_info 2 /OUTPUT 1 "res";
    .port_info 3 /INPUT 1 "branch_en";
    .port_info 4 /INPUT 3 "func3";
v0x5572a7102240_0 .net "branch_en", 0 0, v0x5572a719e3a0_0;  alias, 1 drivers
v0x5572a7160360_0 .net "func3", 2 0, L_0x5572a71c0390;  1 drivers
v0x5572a7160af0_0 .net "op_a", 31 0, L_0x5572a71c0ac0;  alias, 1 drivers
v0x5572a718bc10_0 .net "op_b", 31 0, L_0x5572a71c10b0;  alias, 1 drivers
v0x5572a7161cf0_0 .var "res", 0 0;
E_0x5572a70c0590 .event edge, v0x5572a7102240_0, v0x5572a7160360_0, v0x5572a7160af0_0, v0x5572a718bc10_0;
S_0x5572a719cc10 .scope module, "u_ctrl_unit0" "ctrl_unit" 5 60, 7 2 0, S_0x5572a70bbb60;
 .timescale -9 -12;
    .port_info 0 /INPUT 7 "opcode";
    .port_info 1 /INPUT 3 "func3";
    .port_info 2 /INPUT 1 "func7";
    .port_info 3 /OUTPUT 1 "operand_a";
    .port_info 4 /OUTPUT 1 "reg_write";
    .port_info 5 /OUTPUT 2 "mem_reg";
    .port_info 6 /OUTPUT 3 "imm_sel";
    .port_info 7 /OUTPUT 1 "uj";
    .port_info 8 /OUTPUT 1 "jalr_i";
    .port_info 9 /OUTPUT 1 "u_aui";
    .port_info 10 /OUTPUT 1 "u_lui";
    .port_info 11 /OUTPUT 1 "mem_en";
    .port_info 12 /OUTPUT 1 "s";
    .port_info 13 /OUTPUT 1 "l";
    .port_info 14 /OUTPUT 1 "operand_b";
    .port_info 15 /OUTPUT 4 "alu_control";
    .port_info 16 /OUTPUT 1 "sb";
v0x5572a719f560_0 .net "alu_control", 3 0, v0x5572a7161df0_0;  alias, 1 drivers
v0x5572a719f670_0 .net "auipc", 0 0, v0x5572a719ede0_0;  1 drivers
v0x5572a719f710_0 .net "branch", 0 0, v0x5572a719eea0_0;  1 drivers
v0x5572a719f800_0 .net "func3", 2 0, L_0x5572a71c04d0;  1 drivers
v0x5572a719f8a0_0 .net "func7", 0 0, L_0x5572a71c0570;  1 drivers
v0x5572a719f990_0 .net "i_type", 0 0, v0x5572a719ef40_0;  1 drivers
v0x5572a719fa80_0 .net "imm_sel", 2 0, v0x5572a719d8e0_0;  alias, 1 drivers
v0x5572a719fb20_0 .net "jal", 0 0, v0x5572a719efe0_0;  1 drivers
v0x5572a719fc10_0 .net "jalr", 0 0, v0x5572a719f080_0;  1 drivers
v0x5572a719fcb0_0 .net "jalr_i", 0 0, v0x5572a719db40_0;  alias, 1 drivers
v0x5572a719fd50_0 .net "l", 0 0, v0x5572a719dc00_0;  alias, 1 drivers
v0x5572a719fdf0_0 .net "load", 0 0, v0x5572a719f170_0;  1 drivers
v0x5572a719fee0_0 .net "lui", 0 0, v0x5572a719f210_0;  1 drivers
v0x5572a719ffd0_0 .net "mem_en", 0 0, v0x5572a719de40_0;  alias, 1 drivers
v0x5572a71a0070_0 .net "mem_reg", 1 0, v0x5572a719df00_0;  alias, 1 drivers
v0x5572a71a0110_0 .net "opcode", 6 0, L_0x5572a71c0430;  1 drivers
v0x5572a71a01e0_0 .net "operand_a", 0 0, v0x5572a719dfe0_0;  alias, 1 drivers
v0x5572a71a02b0_0 .net "operand_b", 0 0, v0x5572a719e0a0_0;  alias, 1 drivers
v0x5572a71a0380_0 .net "r_type", 0 0, v0x5572a719f380_0;  1 drivers
v0x5572a71a0470_0 .net "reg_write", 0 0, v0x5572a719e220_0;  alias, 1 drivers
v0x5572a71a0510_0 .net "s", 0 0, v0x5572a719e2e0_0;  alias, 1 drivers
v0x5572a71a05e0_0 .net "sb", 0 0, v0x5572a719e3a0_0;  alias, 1 drivers
v0x5572a71a06d0_0 .net "store", 0 0, v0x5572a719f450_0;  1 drivers
v0x5572a71a07c0_0 .net "u_aui", 0 0, v0x5572a719e4e0_0;  1 drivers
v0x5572a71a0860_0 .net "u_lui", 0 0, v0x5572a719e5a0_0;  1 drivers
v0x5572a71a0900_0 .net "uj", 0 0, v0x5572a719e660_0;  alias, 1 drivers
S_0x5572a719cfb0 .scope module, "u_control_decoder0" "control_decoder" 7 46, 8 1 0, S_0x5572a719cc10;
 .timescale -9 -12;
    .port_info 0 /INPUT 3 "func3";
    .port_info 1 /INPUT 1 "func7";
    .port_info 2 /INPUT 1 "r_type";
    .port_info 3 /INPUT 1 "i_type";
    .port_info 4 /INPUT 1 "store";
    .port_info 5 /INPUT 1 "branch";
    .port_info 6 /INPUT 1 "load";
    .port_info 7 /INPUT 1 "jal";
    .port_info 8 /OUTPUT 1 "uj";
    .port_info 9 /INPUT 1 "auipc";
    .port_info 10 /INPUT 1 "lui";
    .port_info 11 /OUTPUT 1 "u_aui";
    .port_info 12 /OUTPUT 1 "u_lui";
    .port_info 13 /INPUT 1 "jalr";
    .port_info 14 /OUTPUT 1 "jalr_i";
    .port_info 15 /OUTPUT 2 "mem_reg";
    .port_info 16 /OUTPUT 1 "reg_write";
    .port_info 17 /OUTPUT 1 "s";
    .port_info 18 /OUTPUT 1 "l";
    .port_info 19 /OUTPUT 1 "mem_en";
    .port_info 20 /OUTPUT 1 "operand_b";
    .port_info 21 /OUTPUT 3 "imm_sel";
    .port_info 22 /OUTPUT 4 "alu_control";
    .port_info 23 /OUTPUT 1 "sb";
    .port_info 24 /OUTPUT 1 "operand_a";
v0x5572a7161df0_0 .var "alu_control", 3 0;
v0x5572a719d4d0_0 .net "auipc", 0 0, v0x5572a719ede0_0;  alias, 1 drivers
v0x5572a719d590_0 .net "branch", 0 0, v0x5572a719eea0_0;  alias, 1 drivers
v0x5572a719d630_0 .net "func3", 2 0, L_0x5572a71c04d0;  alias, 1 drivers
v0x5572a719d710_0 .net "func7", 0 0, L_0x5572a71c0570;  alias, 1 drivers
v0x5572a719d820_0 .net "i_type", 0 0, v0x5572a719ef40_0;  alias, 1 drivers
v0x5572a719d8e0_0 .var "imm_sel", 2 0;
v0x5572a719d9c0_0 .net "jal", 0 0, v0x5572a719efe0_0;  alias, 1 drivers
v0x5572a719da80_0 .net "jalr", 0 0, v0x5572a719f080_0;  alias, 1 drivers
v0x5572a719db40_0 .var "jalr_i", 0 0;
v0x5572a719dc00_0 .var "l", 0 0;
v0x5572a719dcc0_0 .net "load", 0 0, v0x5572a719f170_0;  alias, 1 drivers
v0x5572a719dd80_0 .net "lui", 0 0, v0x5572a719f210_0;  alias, 1 drivers
v0x5572a719de40_0 .var "mem_en", 0 0;
v0x5572a719df00_0 .var "mem_reg", 1 0;
v0x5572a719dfe0_0 .var "operand_a", 0 0;
v0x5572a719e0a0_0 .var "operand_b", 0 0;
v0x5572a719e160_0 .net "r_type", 0 0, v0x5572a719f380_0;  alias, 1 drivers
v0x5572a719e220_0 .var "reg_write", 0 0;
v0x5572a719e2e0_0 .var "s", 0 0;
v0x5572a719e3a0_0 .var "sb", 0 0;
v0x5572a719e440_0 .net "store", 0 0, v0x5572a719f450_0;  alias, 1 drivers
v0x5572a719e4e0_0 .var "u_aui", 0 0;
v0x5572a719e5a0_0 .var "u_lui", 0 0;
v0x5572a719e660_0 .var "uj", 0 0;
E_0x5572a70c0910/0 .event edge, v0x5572a719e160_0, v0x5572a719d820_0, v0x5572a719dcc0_0, v0x5572a719d9c0_0;
E_0x5572a70c0910/1 .event edge, v0x5572a719da80_0, v0x5572a719d4d0_0, v0x5572a719dd80_0, v0x5572a719e440_0;
E_0x5572a70c0910/2 .event edge, v0x5572a719d590_0, v0x5572a719d710_0, v0x5572a719d630_0;
E_0x5572a70c0910 .event/or E_0x5572a70c0910/0, E_0x5572a70c0910/1, E_0x5572a70c0910/2;
S_0x5572a719eb10 .scope module, "u_type_decoder0" "type_decoder" 7 33, 9 1 0, S_0x5572a719cc10;
 .timescale -9 -12;
    .port_info 0 /INPUT 7 "opcode";
    .port_info 1 /OUTPUT 1 "r_type";
    .port_info 2 /OUTPUT 1 "i_type";
    .port_info 3 /OUTPUT 1 "store";
    .port_info 4 /OUTPUT 1 "load";
    .port_info 5 /OUTPUT 1 "branch";
    .port_info 6 /OUTPUT 1 "jal";
    .port_info 7 /OUTPUT 1 "jalr";
    .port_info 8 /OUTPUT 1 "auipc";
    .port_info 9 /OUTPUT 1 "lui";
v0x5572a719ede0_0 .var "auipc", 0 0;
v0x5572a719eea0_0 .var "branch", 0 0;
v0x5572a719ef40_0 .var "i_type", 0 0;
v0x5572a719efe0_0 .var "jal", 0 0;
v0x5572a719f080_0 .var "jalr", 0 0;
v0x5572a719f170_0 .var "load", 0 0;
v0x5572a719f210_0 .var "lui", 0 0;
v0x5572a719f2e0_0 .net "opcode", 6 0, L_0x5572a71c0430;  alias, 1 drivers
v0x5572a719f380_0 .var "r_type", 0 0;
v0x5572a719f450_0 .var "store", 0 0;
E_0x5572a70a8d90 .event edge, v0x5572a719f2e0_0;
S_0x5572a71a0a50 .scope module, "u_imm_gen0" "imm_gen" 5 52, 10 1 0, S_0x5572a70bbb60;
 .timescale -9 -12;
    .port_info 0 /INPUT 32 "inst";
    .port_info 1 /OUTPUT 32 "i_type";
    .port_info 2 /OUTPUT 32 "store";
    .port_info 3 /OUTPUT 32 "branch_imm";
    .port_info 4 /OUTPUT 32 "jal_imm";
    .port_info 5 /OUTPUT 32 "u_imm";
v0x5572a71a0d20_0 .var "branch_imm", 31 0;
v0x5572a71a0e20_0 .var "i", 11 0;
v0x5572a71a0f00_0 .var "i_type", 31 0;
v0x5572a71a0ff0_0 .net "inst", 31 0, v0x5572a71a88f0_0;  alias, 1 drivers
v0x5572a71a10d0_0 .var "jal_imm", 31 0;
v0x5572a71a1200_0 .var "s", 11 0;
v0x5572a71a12e0_0 .var "store", 31 0;
v0x5572a71a13c0_0 .var "u_imm", 31 0;
E_0x5572a718d840 .event edge, v0x5572a71a0ff0_0, v0x5572a71a0e20_0, v0x5572a71a1200_0;
S_0x5572a71a1560 .scope module, "u_mux" "mux3_8" 5 101, 11 1 0, S_0x5572a70bbb60;
 .timescale -9 -12;
    .port_info 0 /INPUT 32 "a";
    .port_info 1 /INPUT 32 "b";
    .port_info 2 /INPUT 32 "c";
    .port_info 3 /INPUT 32 "d";
    .port_info 4 /INPUT 32 "e";
    .port_info 5 /INPUT 3 "sel";
    .port_info 6 /OUTPUT 32 "out";
v0x5572a71a1890_0 .net "a", 31 0, v0x5572a71a0f00_0;  alias, 1 drivers
v0x5572a71a1970_0 .net "b", 31 0, v0x5572a71a12e0_0;  alias, 1 drivers
v0x5572a71a1a40_0 .net "c", 31 0, v0x5572a71a0d20_0;  alias, 1 drivers
v0x5572a71a1b40_0 .net "d", 31 0, v0x5572a71a10d0_0;  alias, 1 drivers
v0x5572a71a1c10_0 .net "e", 31 0, v0x5572a71a13c0_0;  alias, 1 drivers
v0x5572a71a1d00_0 .var "out", 31 0;
v0x5572a71a1da0_0 .net "sel", 2 0, v0x5572a719d8e0_0;  alias, 1 drivers
E_0x5572a71a17f0/0 .event edge, v0x5572a719d8e0_0, v0x5572a71a0f00_0, v0x5572a71a12e0_0, v0x5572a71a0d20_0;
E_0x5572a71a17f0/1 .event edge, v0x5572a71a10d0_0, v0x5572a71a13c0_0;
E_0x5572a71a17f0 .event/or E_0x5572a71a17f0/0, E_0x5572a71a17f0/1;
S_0x5572a71a1fd0 .scope module, "u_mux1" "mux" 5 89, 12 1 0, S_0x5572a70bbb60;
 .timescale -9 -12;
    .port_info 0 /INPUT 1 "sel";
    .port_info 1 /INPUT 32 "a";
    .port_info 2 /INPUT 32 "b";
    .port_info 3 /OUTPUT 32 "out";
v0x5572a71a2200_0 .net "a", 31 0, L_0x5572a71c10b0;  alias, 1 drivers
v0x5572a71a22e0_0 .net "b", 31 0, v0x5572a71a1d00_0;  alias, 1 drivers
v0x5572a71a23b0_0 .net "out", 31 0, L_0x5572a71c1460;  alias, 1 drivers
v0x5572a71a2480_0 .net "sel", 0 0, v0x5572a719e0a0_0;  alias, 1 drivers
L_0x5572a71c1460 .functor MUXZ 32, L_0x5572a71c10b0, v0x5572a71a1d00_0, v0x5572a719e0a0_0, C4<>;
S_0x5572a71a25f0 .scope module, "u_mux2" "mux" 5 95, 12 1 0, S_0x5572a70bbb60;
 .timescale -9 -12;
    .port_info 0 /INPUT 1 "sel";
    .port_info 1 /INPUT 32 "a";
    .port_info 2 /INPUT 32 "b";
    .port_info 3 /OUTPUT 32 "out";
v0x5572a71a27d0_0 .net "a", 31 0, L_0x5572a71c0ac0;  alias, 1 drivers
v0x5572a71a28e0_0 .net "b", 31 0, v0x5572a71a7bb0_0;  alias, 1 drivers
v0x5572a71a29a0_0 .net "out", 31 0, L_0x5572a71c1590;  alias, 1 drivers
v0x5572a71a2a90_0 .net "sel", 0 0, v0x5572a719dfe0_0;  alias, 1 drivers
L_0x5572a71c1590 .functor MUXZ 32, L_0x5572a71c0ac0, v0x5572a71a7bb0_0, v0x5572a719dfe0_0, C4<>;
S_0x5572a71a2c00 .scope module, "u_reg_file0" "reg_file" 5 78, 13 1 0, S_0x5572a70bbb60;
 .timescale -9 -12;
    .port_info 0 /INPUT 1 "clk";
    .port_info 1 /INPUT 1 "en";
    .port_info 2 /INPUT 1 "rst";
    .port_info 3 /OUTPUT 32 "opa";
    .port_info 4 /OUTPUT 32 "operand_b";
    .port_info 5 /INPUT 5 "rs1";
    .port_info 6 /INPUT 5 "rs2";
    .port_info 7 /INPUT 5 "rd";
    .port_info 8 /INPUT 32 "write";
L_0x7fad23a4f138 .functor BUFT 1, C4<00000>, C4<0>, C4<0>, C4<0>;
v0x5572a71a2f50_0 .net/2u *"_ivl_0", 4 0, L_0x7fad23a4f138;  1 drivers
L_0x7fad23a4f1c8 .functor BUFT 1, C4<00000000000000000000000000000000>, C4<0>, C4<0>, C4<0>;
v0x5572a71a3050_0 .net/2u *"_ivl_10", 31 0, L_0x7fad23a4f1c8;  1 drivers
L_0x7fad23a4f210 .functor BUFT 1, C4<00000>, C4<0>, C4<0>, C4<0>;
v0x5572a71a3130_0 .net/2u *"_ivl_14", 4 0, L_0x7fad23a4f210;  1 drivers
v0x5572a71a31f0_0 .net *"_ivl_16", 0 0, L_0x5572a71c0cc0;  1 drivers
v0x5572a71a32b0_0 .net *"_ivl_18", 31 0, L_0x5572a71c0db0;  1 drivers
v0x5572a71a33e0_0 .net *"_ivl_2", 0 0, L_0x5572a71c0840;  1 drivers
v0x5572a71a34a0_0 .net *"_ivl_20", 6 0, L_0x5572a71c0e90;  1 drivers
L_0x7fad23a4f258 .functor BUFT 1, C4<00>, C4<0>, C4<0>, C4<0>;
v0x5572a71a3580_0 .net *"_ivl_23", 1 0, L_0x7fad23a4f258;  1 drivers
L_0x7fad23a4f2a0 .functor BUFT 1, C4<00000000000000000000000000000000>, C4<0>, C4<0>, C4<0>;
v0x5572a71a3660_0 .net/2u *"_ivl_24", 31 0, L_0x7fad23a4f2a0;  1 drivers
v0x5572a71a3740_0 .net *"_ivl_4", 31 0, L_0x5572a71c08e0;  1 drivers
v0x5572a71a3820_0 .net *"_ivl_6", 6 0, L_0x5572a71c0980;  1 drivers
L_0x7fad23a4f180 .functor BUFT 1, C4<00>, C4<0>, C4<0>, C4<0>;
v0x5572a71a3900_0 .net *"_ivl_9", 1 0, L_0x7fad23a4f180;  1 drivers
v0x5572a71a39e0_0 .net "clk", 0 0, v0x5572a71affc0_0;  alias, 1 drivers
v0x5572a71a3aa0_0 .net "en", 0 0, v0x5572a719e220_0;  alias, 1 drivers
v0x5572a71a3b40_0 .var/i "i", 31 0;
v0x5572a71a3c20_0 .net "opa", 31 0, L_0x5572a71c0ac0;  alias, 1 drivers
v0x5572a71a3d30_0 .net "operand_b", 31 0, L_0x5572a71c10b0;  alias, 1 drivers
v0x5572a71a3f50_0 .net "rd", 4 0, L_0x5572a71c13c0;  1 drivers
v0x5572a71a4030 .array "register", 0 31, 31 0;
v0x5572a71a40f0_0 .net "rs1", 4 0, L_0x5572a71c1240;  1 drivers
v0x5572a71a41d0_0 .net "rs2", 4 0, L_0x5572a71c12e0;  1 drivers
v0x5572a71a42b0_0 .net "rst", 0 0, v0x5572a71b0190_0;  alias, 1 drivers
v0x5572a71a4370_0 .net "write", 31 0, v0x5572a71ab820_0;  alias, 1 drivers
E_0x5572a718d6b0/0 .event negedge, v0x5572a71a42b0_0;
E_0x5572a718d6b0/1 .event posedge, v0x5572a71a39e0_0;
E_0x5572a718d6b0 .event/or E_0x5572a718d6b0/0, E_0x5572a718d6b0/1;
L_0x5572a71c0840 .cmp/ne 5, L_0x5572a71c1240, L_0x7fad23a4f138;
L_0x5572a71c08e0 .array/port v0x5572a71a4030, L_0x5572a71c0980;
L_0x5572a71c0980 .concat [ 5 2 0 0], L_0x5572a71c1240, L_0x7fad23a4f180;
L_0x5572a71c0ac0 .functor MUXZ 32, L_0x7fad23a4f1c8, L_0x5572a71c08e0, L_0x5572a71c0840, C4<>;
L_0x5572a71c0cc0 .cmp/ne 5, L_0x5572a71c12e0, L_0x7fad23a4f210;
L_0x5572a71c0db0 .array/port v0x5572a71a4030, L_0x5572a71c0e90;
L_0x5572a71c0e90 .concat [ 5 2 0 0], L_0x5572a71c12e0, L_0x7fad23a4f258;
L_0x5572a71c10b0 .functor MUXZ 32, L_0x7fad23a4f2a0, L_0x5572a71c0db0, L_0x5572a71c0cc0, C4<>;
S_0x5572a71a5ff0 .scope module, "u_execute0" "execute" 4 78, 14 2 0, S_0x5572a70bc360;
 .timescale -9 -12;
    .port_info 0 /INPUT 32 "a";
    .port_info 1 /INPUT 32 "b";
    .port_info 2 /INPUT 4 "alu_control";
    .port_info 3 /INPUT 32 "pc_address";
    .port_info 4 /OUTPUT 32 "alu_res_out";
    .port_info 5 /OUTPUT 32 "adder_res";
v0x5572a71a6e80_0 .net "a", 31 0, L_0x5572a71c1590;  alias, 1 drivers
v0x5572a71a6f60_0 .net "adder_res", 31 0, v0x5572a71a66c0_0;  alias, 1 drivers
v0x5572a71a7020_0 .net "alu_control", 3 0, v0x5572a7161df0_0;  alias, 1 drivers
v0x5572a71a70c0_0 .net "alu_res_out", 31 0, v0x5572a71a6d20_0;  alias, 1 drivers
v0x5572a71a7160_0 .net "b", 31 0, L_0x5572a71c1460;  alias, 1 drivers
v0x5572a71a7200_0 .net "pc_address", 31 0, v0x5572a71a7bb0_0;  alias, 1 drivers
S_0x5572a71a62d0 .scope module, "u_adder0" "adder" 14 18, 15 1 0, S_0x5572a71a5ff0;
 .timescale -9 -12;
    .port_info 0 /INPUT 32 "a";
    .port_info 1 /OUTPUT 32 "res";
v0x5572a71a6590_0 .net "a", 31 0, v0x5572a71a7bb0_0;  alias, 1 drivers
v0x5572a71a66c0_0 .var "res", 31 0;
E_0x5572a71a6510 .event edge, v0x5572a71a28e0_0;
S_0x5572a71a6800 .scope module, "u_alu0" "alu" 14 12, 16 1 0, S_0x5572a71a5ff0;
 .timescale -9 -12;
    .port_info 0 /INPUT 32 "a";
    .port_info 1 /INPUT 32 "b";
    .port_info 2 /INPUT 4 "op";
    .port_info 3 /OUTPUT 32 "res_o";
v0x5572a71a6a40_0 .net "a", 31 0, L_0x5572a71c1590;  alias, 1 drivers
v0x5572a71a6b70_0 .net "b", 31 0, L_0x5572a71c1460;  alias, 1 drivers
v0x5572a71a6c80_0 .net "op", 3 0, v0x5572a7161df0_0;  alias, 1 drivers
v0x5572a71a6d20_0 .var "res_o", 31 0;
E_0x5572a71a69e0 .event edge, v0x5572a7161df0_0, v0x5572a71a29a0_0, v0x5572a71a23b0_0;
S_0x5572a71a73c0 .scope module, "u_fetch0" "fetch" 4 41, 17 2 0, S_0x5572a70bc360;
 .timescale -9 -12;
    .port_info 0 /INPUT 1 "clk";
    .port_info 1 /INPUT 1 "rst";
    .port_info 2 /INPUT 1 "branch_res";
    .port_info 3 /INPUT 1 "jal";
    .port_info 4 /INPUT 1 "jalr";
    .port_info 5 /INPUT 32 "address_in";
    .port_info 6 /INPUT 32 "branch_add";
    .port_info 7 /INPUT 32 "jalr_add";
    .port_info 8 /INPUT 32 "jal_add";
    .port_info 9 /INPUT 32 "instruction_fetch";
    .port_info 10 /OUTPUT 4 "mask";
    .port_info 11 /OUTPUT 1 "request";
    .port_info 12 /OUTPUT 1 "re_we";
    .port_info 13 /OUTPUT 32 "instruction";
    .port_info 14 /OUTPUT 32 "address_out";
L_0x7fad23a4f0f0 .functor BUFT 1, C4<00000000000000000000000000000000>, C4<0>, C4<0>, C4<0>;
v0x5572a71a8590_0 .net "address_in", 31 0, L_0x7fad23a4f0f0;  1 drivers
v0x5572a71a8670_0 .net "address_out", 31 0, v0x5572a71a7bb0_0;  alias, 1 drivers
v0x5572a71a8710_0 .net "branch_add", 31 0, v0x5572a71a6d20_0;  alias, 1 drivers
v0x5572a71a87b0_0 .net "branch_res", 0 0, v0x5572a7161cf0_0;  alias, 1 drivers
v0x5572a71a8850_0 .net "clk", 0 0, v0x5572a71affc0_0;  alias, 1 drivers
v0x5572a71a88f0_0 .var "instruction", 31 0;
v0x5572a71a8a00_0 .net "instruction_fetch", 31 0, v0x5572a71aebd0_0;  alias, 1 drivers
v0x5572a71a8ae0_0 .net "jal", 0 0, v0x5572a719e660_0;  alias, 1 drivers
v0x5572a71a8c10_0 .net "jal_add", 31 0, v0x5572a71a6d20_0;  alias, 1 drivers
v0x5572a71a8d60_0 .net "jalr", 0 0, v0x5572a719db40_0;  alias, 1 drivers
v0x5572a71a8e90_0 .net "jalr_add", 31 0, v0x5572a71a6d20_0;  alias, 1 drivers
v0x5572a71a8f50_0 .net8 "mask", 3 0, RS_0x7fad23a9a3e8;  alias, 2 drivers
v0x5572a71a9030_0 .net "re_we", 0 0, L_0x7fad23a4f0a8;  alias, 1 drivers
v0x5572a71a90f0_0 .net "request", 0 0, L_0x7fad23a4f060;  alias, 1 drivers
v0x5572a71a91b0_0 .net "rst", 0 0, v0x5572a71b0190_0;  alias, 1 drivers
E_0x5572a71a61f0 .event edge, v0x5572a71a8a00_0;
S_0x5572a71a77b0 .scope module, "u_pc0" "pc" 17 15, 18 1 0, S_0x5572a71a73c0;
 .timescale -9 -12;
    .port_info 0 /INPUT 1 "clk";
    .port_info 1 /INPUT 1 "rst";
    .port_info 2 /INPUT 32 "branch_add";
    .port_info 3 /INPUT 1 "branch_res";
    .port_info 4 /INPUT 32 "address_in";
    .port_info 5 /INPUT 32 "jal_add";
    .port_info 6 /INPUT 1 "jal";
    .port_info 7 /INPUT 1 "jalr";
    .port_info 8 /INPUT 32 "jalr_add";
    .port_info 9 /OUTPUT 32 "address_out";
v0x5572a71a7ab0_0 .net "address_in", 31 0, L_0x7fad23a4f0f0;  alias, 1 drivers
v0x5572a71a7bb0_0 .var "address_out", 31 0;
v0x5572a71a7d00_0 .net "branch_add", 31 0, v0x5572a71a6d20_0;  alias, 1 drivers
v0x5572a71a7da0_0 .net "branch_res", 0 0, v0x5572a7161cf0_0;  alias, 1 drivers
v0x5572a71a7e90_0 .net "clk", 0 0, v0x5572a71affc0_0;  alias, 1 drivers
v0x5572a71a7fd0_0 .net "jal", 0 0, v0x5572a719e660_0;  alias, 1 drivers
v0x5572a71a8070_0 .net "jal_add", 31 0, v0x5572a71a6d20_0;  alias, 1 drivers
v0x5572a71a8130_0 .net "jalr", 0 0, v0x5572a719db40_0;  alias, 1 drivers
v0x5572a71a81d0_0 .net "jalr_add", 31 0, v0x5572a71a6d20_0;  alias, 1 drivers
v0x5572a71a83b0_0 .net "rst", 0 0, v0x5572a71b0190_0;  alias, 1 drivers
S_0x5572a71a94b0 .scope module, "u_memory0" "memory" 4 86, 19 2 0, S_0x5572a70bc360;
 .timescale -9 -12;
    .port_info 0 /INPUT 1 "load";
    .port_info 1 /INPUT 1 "store";
    .port_info 2 /INPUT 32 "op_b";
    .port_info 3 /INPUT 32 "alu_out_address";
    .port_info 4 /INPUT 32 "instruction";
    .port_info 5 /INPUT 32 "wrap_load_in";
    .port_info 6 /OUTPUT 1 "re_we";
    .port_info 7 /OUTPUT 1 "request";
    .port_info 8 /OUTPUT 4 "mask";
    .port_info 9 /OUTPUT 32 "store_dataout";
    .port_info 10 /OUTPUT 32 "wrap_load_out";
v0x5572a71aa420_0 .net "alu_out_address", 31 0, v0x5572a71a6d20_0;  alias, 1 drivers
v0x5572a71aa610_0 .net "instruction", 31 0, v0x5572a71a88f0_0;  alias, 1 drivers
v0x5572a71aa6d0_0 .net "load", 0 0, v0x5572a719dc00_0;  alias, 1 drivers
v0x5572a71aa770_0 .net "mask", 3 0, v0x5572a71aa0f0_0;  alias, 1 drivers
v0x5572a71aa810_0 .net "op_b", 31 0, L_0x5572a71c0720;  alias, 1 drivers
v0x5572a71aa8b0_0 .var "re_we", 0 0;
v0x5572a71aa970_0 .var "request", 0 0;
v0x5572a71aaa30_0 .net "store", 0 0, v0x5572a719e2e0_0;  alias, 1 drivers
v0x5572a71aab60_0 .net "store_dataout", 31 0, v0x5572a71a9cc0_0;  alias, 1 drivers
v0x5572a71aacb0_0 .net "wrap_load_in", 31 0, v0x5572a71ae130_0;  alias, 1 drivers
v0x5572a71aad50_0 .net "wrap_load_out", 31 0, v0x5572a71aa010_0;  alias, 1 drivers
E_0x5572a71a9750 .event edge, v0x5572a719dc00_0, v0x5572a719e2e0_0;
L_0x5572a71c17d0 .part v0x5572a71a6d20_0, 0, 2;
L_0x5572a71c1870 .part v0x5572a71a88f0_0, 12, 3;
S_0x5572a71a97d0 .scope module, "u_wrappermem0" "wrappermem" 19 16, 20 1 0, S_0x5572a71a94b0;
 .timescale -9 -12;
    .port_info 0 /INPUT 32 "datain";
    .port_info 1 /INPUT 2 "byteadd";
    .port_info 2 /INPUT 3 "func3";
    .port_info 3 /INPUT 1 "mem_en";
    .port_info 4 /OUTPUT 32 "dataout";
    .port_info 5 /OUTPUT 4 "mask";
    .port_info 6 /INPUT 1 "load";
    .port_info 7 /INPUT 32 "load_in";
    .port_info 8 /OUTPUT 32 "load_out";
v0x5572a71a9b00_0 .net "byteadd", 1 0, L_0x5572a71c17d0;  1 drivers
v0x5572a71a9c00_0 .net "datain", 31 0, L_0x5572a71c0720;  alias, 1 drivers
v0x5572a71a9cc0_0 .var "dataout", 31 0;
v0x5572a71a9d60_0 .net "func3", 2 0, L_0x5572a71c1870;  1 drivers
v0x5572a71a9e40_0 .net "load", 0 0, v0x5572a719dc00_0;  alias, 1 drivers
v0x5572a71a9f30_0 .net "load_in", 31 0, v0x5572a71ae130_0;  alias, 1 drivers
v0x5572a71aa010_0 .var "load_out", 31 0;
v0x5572a71aa0f0_0 .var "mask", 3 0;
v0x5572a71aa1d0_0 .net "mem_en", 0 0, v0x5572a719e2e0_0;  alias, 1 drivers
E_0x5572a71a9a60/0 .event edge, v0x5572a719e2e0_0, v0x5572a71a9d60_0, v0x5572a71a55e0_0, v0x5572a71a9b00_0;
E_0x5572a71a9a60/1 .event edge, v0x5572a719dc00_0, v0x5572a71a9f30_0;
E_0x5572a71a9a60 .event/or E_0x5572a71a9a60/0, E_0x5572a71a9a60/1;
S_0x5572a71aaf90 .scope module, "u_writeback0" "writeback" 4 102, 21 2 0, S_0x5572a70bc360;
 .timescale -9 -12;
    .port_info 0 /INPUT 32 "alu_out";
    .port_info 1 /INPUT 32 "adder_res";
    .port_info 2 /INPUT 32 "data_mem_out";
    .port_info 3 /INPUT 2 "mem_reg";
    .port_info 4 /OUTPUT 32 "rd_mux_out";
v0x5572a71abb40_0 .net "adder_res", 31 0, v0x5572a71a66c0_0;  alias, 1 drivers
v0x5572a71abc20_0 .net "alu_out", 31 0, v0x5572a71a6d20_0;  alias, 1 drivers
v0x5572a71abce0_0 .net "data_mem_out", 31 0, v0x5572a71aa010_0;  alias, 1 drivers
v0x5572a71abd80_0 .net "mem_reg", 1 0, v0x5572a719df00_0;  alias, 1 drivers
v0x5572a71abed0_0 .net "rd_mux_out", 31 0, v0x5572a71ab820_0;  alias, 1 drivers
S_0x5572a71ab120 .scope module, "u_mux10" "mux2_4" 21 8, 22 1 0, S_0x5572a71aaf90;
 .timescale -9 -12;
    .port_info 0 /INPUT 32 "a";
    .port_info 1 /INPUT 32 "b";
    .port_info 2 /INPUT 32 "c";
    .port_info 3 /INPUT 32 "d";
    .port_info 4 /INPUT 2 "sel";
    .port_info 5 /OUTPUT 32 "out";
v0x5572a71ab460_0 .net "a", 31 0, v0x5572a71a6d20_0;  alias, 1 drivers
v0x5572a71ab540_0 .net "b", 31 0, v0x5572a71aa010_0;  alias, 1 drivers
v0x5572a71ab650_0 .net "c", 31 0, v0x5572a71a66c0_0;  alias, 1 drivers
o0x7fad23a9ac88 .functor BUFZ 32, C4<zzzzzzzzzzzzzzzzzzzzzzzzzzzzzzzz>; HiZ drive
v0x5572a71ab740_0 .net "d", 31 0, o0x7fad23a9ac88;  0 drivers
v0x5572a71ab820_0 .var "out", 31 0;
v0x5572a71ab980_0 .net "sel", 1 0, v0x5572a719df00_0;  alias, 1 drivers
E_0x5572a71ab400/0 .event edge, v0x5572a719df00_0, v0x5572a71a6d20_0, v0x5572a71aa010_0, v0x5572a71a66c0_0;
E_0x5572a71ab400/1 .event edge, v0x5572a71ab740_0;
E_0x5572a71ab400 .event/or E_0x5572a71ab400/0, E_0x5572a71ab400/1;
S_0x5572a71add00 .scope module, "u_datamem" "main_mem" 3 57, 23 1 0, S_0x5572a70bc540;
 .timescale -9 -12;
    .port_info 0 /INPUT 1 "clk";
    .port_info 1 /INPUT 1 "re_we";
    .port_info 2 /INPUT 1 "request";
    .port_info 3 /INPUT 8 "address";
    .port_info 4 /INPUT 32 "data_in";
    .port_info 5 /INPUT 4 "mask";
    .port_info 6 /OUTPUT 1 "valid";
    .port_info 7 /OUTPUT 32 "data_out";
v0x5572a71aded0_0 .net "address", 7 0, L_0x5572a71c19f0;  1 drivers
v0x5572a71adfd0_0 .net "clk", 0 0, v0x5572a71affc0_0;  alias, 1 drivers
v0x5572a71ae090_0 .net "data_in", 31 0, v0x5572a71a9cc0_0;  alias, 1 drivers
v0x5572a71ae130_0 .var "data_out", 31 0;
v0x5572a71ae1d0_0 .net8 "mask", 3 0, RS_0x7fad23a9a3e8;  alias, 2 drivers
v0x5572a71ae290 .array "mem", 255 0, 31 0;
v0x5572a71ae350_0 .net "re_we", 0 0, v0x5572a71aa8b0_0;  alias, 1 drivers
v0x5572a71ae3f0_0 .net "request", 0 0, v0x5572a71aa970_0;  alias, 1 drivers
v0x5572a71ae490_0 .var "valid", 0 0;
E_0x5572a71ab320 .event posedge, v0x5572a71a39e0_0;
S_0x5572a71ae6e0 .scope module, "u_instruc_mem" "main_mem" 3 25, 23 1 0, S_0x5572a70bc540;
 .timescale -9 -12;
    .port_info 0 /INPUT 1 "clk";
    .port_info 1 /INPUT 1 "re_we";
    .port_info 2 /INPUT 1 "request";
    .port_info 3 /INPUT 8 "address";
    .port_info 4 /INPUT 32 "data_in";
    .port_info 5 /INPUT 4 "mask";
    .port_info 6 /OUTPUT 1 "valid";
    .port_info 7 /OUTPUT 32 "data_out";
v0x5572a71ae990_0 .net "address", 7 0, L_0x5572a71b0250;  1 drivers
v0x5572a71aea70_0 .net "clk", 0 0, v0x5572a71affc0_0;  alias, 1 drivers
v0x5572a71aeb30_0 .net "data_in", 31 0, o0x7fad23a9b3a8;  alias, 0 drivers
v0x5572a71aebd0_0 .var "data_out", 31 0;
v0x5572a71aece0_0 .net "mask", 3 0, o0x7fad23a9b3d8;  alias, 0 drivers
v0x5572a71aee10 .array "mem", 255 0, 31 0;
v0x5572a71aeed0_0 .net "re_we", 0 0, L_0x7fad23a4f0a8;  alias, 1 drivers
v0x5572a71aefc0_0 .net "request", 0 0, L_0x7fad23a4f060;  alias, 1 drivers
v0x5572a71af0b0_0 .var "valid", 0 0;
    .scope S_0x5572a71ae6e0;
T_0 ;
    %vpi_call 23 16 "$readmemh", "tb/instruc.mem", v0x5572a71aee10 {0 0 0};
    %end;
    .thread T_0;
    .scope S_0x5572a71ae6e0;
T_1 ;
    %wait E_0x5572a71ab320;
    %load/vec4 v0x5572a71aefc0_0;
    %load/vec4 v0x5572a71aeed0_0;
    %and;
    %flag_set/vec4 8;
    %jmp/0xz  T_1.0, 8;
    %load/vec4 v0x5572a71aece0_0;
    %parti/s 1, 0, 2;
    %flag_set/vec4 8;
    %jmp/0xz  T_1.2, 8;
    %load/vec4 v0x5572a71aeb30_0;
    %parti/s 8, 0, 2;
    %load/vec4 v0x5572a71ae990_0;
    %pad/u 10;
    %ix/vec4 3;
    %ix/load 4, 0, 0; Constant delay
    %assign/vec4/a/d v0x5572a71aee10, 0, 4;
T_1.2 ;
    %load/vec4 v0x5572a71aece0_0;
    %parti/s 1, 1, 2;
    %flag_set/vec4 8;
    %jmp/0xz  T_1.4, 8;
    %load/vec4 v0x5572a71aeb30_0;
    %parti/s 8, 8, 5;
    %load/vec4 v0x5572a71ae990_0;
    %pad/u 10;
    %ix/vec4 3;
    %ix/load 4, 8, 0; part off
    %ix/load 5, 0, 0; Constant delay
    %assign/vec4/a/d v0x5572a71aee10, 4, 5;
T_1.4 ;
    %load/vec4 v0x5572a71aece0_0;
    %parti/s 1, 2, 3;
    %flag_set/vec4 8;
    %jmp/0xz  T_1.6, 8;
    %load/vec4 v0x5572a71aeb30_0;
    %parti/s 8, 16, 6;
    %load/vec4 v0x5572a71ae990_0;
    %pad/u 10;
    %ix/vec4 3;
    %ix/load 4, 16, 0; part off
    %ix/load 5, 0, 0; Constant delay
    %assign/vec4/a/d v0x5572a71aee10, 4, 5;
T_1.6 ;
    %load/vec4 v0x5572a71aece0_0;
    %parti/s 1, 3, 3;
    %flag_set/vec4 8;
    %jmp/0xz  T_1.8, 8;
    %load/vec4 v0x5572a71aeb30_0;
    %parti/s 8, 24, 6;
    %load/vec4 v0x5572a71ae990_0;
    %pad/u 10;
    %ix/vec4 3;
    %ix/load 4, 24, 0; part off
    %ix/load 5, 0, 0; Constant delay
    %assign/vec4/a/d v0x5572a71aee10, 4, 5;
T_1.8 ;
    %pushi/vec4 0, 0, 1;
    %assign/vec4 v0x5572a71af0b0_0, 0;
T_1.0 ;
    %jmp T_1;
    .thread T_1;
    .scope S_0x5572a71ae6e0;
T_2 ;
    %wait E_0x5572a71ab320;
    %load/vec4 v0x5572a71aefc0_0;
    %load/vec4 v0x5572a71aeed0_0;
    %pushi/vec4 0, 0, 1;
    %cmp/e;
    %flag_get/vec4 4;
    %and;
    %flag_set/vec4 8;
    %jmp/0xz  T_2.0, 8;
    %pushi/vec4 1, 0, 1;
    %assign/vec4 v0x5572a71af0b0_0, 0;
    %load/vec4 v0x5572a71ae990_0;
    %pad/u 10;
    %ix/vec4 4;
    %load/vec4a v0x5572a71aee10, 4;
    %assign/vec4 v0x5572a71aebd0_0, 0;
T_2.0 ;
    %jmp T_2;
    .thread T_2;
    .scope S_0x5572a71a77b0;
T_3 ;
    %wait E_0x5572a718d6b0;
    %load/vec4 v0x5572a71a83b0_0;
    %nor/r;
    %flag_set/vec4 8;
    %jmp/0xz  T_3.0, 8;
    %pushi/vec4 0, 0, 32;
    %assign/vec4 v0x5572a71a7bb0_0, 0;
    %jmp T_3.1;
T_3.0 ;
    %load/vec4 v0x5572a71a7da0_0;
    %flag_set/vec4 8;
    %jmp/0xz  T_3.2, 8;
    %load/vec4 v0x5572a71a7d00_0;
    %assign/vec4 v0x5572a71a7bb0_0, 0;
    %jmp T_3.3;
T_3.2 ;
    %load/vec4 v0x5572a71a7fd0_0;
    %flag_set/vec4 8;
    %jmp/0xz  T_3.4, 8;
    %load/vec4 v0x5572a71a8070_0;
    %assign/vec4 v0x5572a71a7bb0_0, 0;
    %jmp T_3.5;
T_3.4 ;
    %load/vec4 v0x5572a71a8130_0;
    %flag_set/vec4 8;
    %jmp/0xz  T_3.6, 8;
    %load/vec4 v0x5572a71a81d0_0;
    %assign/vec4 v0x5572a71a7bb0_0, 0;
    %jmp T_3.7;
T_3.6 ;
    %load/vec4 v0x5572a71a7bb0_0;
    %addi 4, 0, 32;
    %assign/vec4 v0x5572a71a7bb0_0, 0;
T_3.7 ;
T_3.5 ;
T_3.3 ;
T_3.1 ;
    %jmp T_3;
    .thread T_3;
    .scope S_0x5572a71a73c0;
T_4 ;
    %wait E_0x5572a71a61f0;
    %load/vec4 v0x5572a71a8a00_0;
    %store/vec4 v0x5572a71a88f0_0, 0, 32;
    %jmp T_4;
    .thread T_4, $push;
    .scope S_0x5572a70b8f20;
T_5 ;
    %wait E_0x5572a70c0590;
    %load/vec4 v0x5572a7102240_0;
    %flag_set/vec4 8;
    %jmp/0xz  T_5.0, 8;
    %load/vec4 v0x5572a7160360_0;
    %dup/vec4;
    %pushi/vec4 0, 0, 3;
    %cmp/u;
    %jmp/1 T_5.2, 6;
    %dup/vec4;
    %pushi/vec4 1, 0, 3;
    %cmp/u;
    %jmp/1 T_5.3, 6;
    %dup/vec4;
    %pushi/vec4 4, 0, 3;
    %cmp/u;
    %jmp/1 T_5.4, 6;
    %dup/vec4;
    %pushi/vec4 5, 0, 3;
    %cmp/u;
    %jmp/1 T_5.5, 6;
    %dup/vec4;
    %pushi/vec4 6, 0, 3;
    %cmp/u;
    %jmp/1 T_5.6, 6;
    %dup/vec4;
    %pushi/vec4 7, 0, 3;
    %cmp/u;
    %jmp/1 T_5.7, 6;
    %pushi/vec4 0, 0, 1;
    %store/vec4 v0x5572a7161cf0_0, 0, 1;
    %jmp T_5.9;
T_5.2 ;
    %load/vec4 v0x5572a7160af0_0;
    %load/vec4 v0x5572a718bc10_0;
    %cmp/e;
    %flag_mov 8, 4;
    %jmp/0 T_5.10, 8;
    %pushi/vec4 1, 0, 2;
    %jmp/1 T_5.11, 8;
T_5.10 ; End of true expr.
    %pushi/vec4 0, 0, 2;
    %jmp/0 T_5.11, 8;
 ; End of false expr.
    %blend;
T_5.11;
    %pad/s 1;
    %store/vec4 v0x5572a7161cf0_0, 0, 1;
    %jmp T_5.9;
T_5.3 ;
    %load/vec4 v0x5572a7160af0_0;
    %load/vec4 v0x5572a718bc10_0;
    %cmp/ne;
    %flag_mov 8, 4;
    %jmp/0 T_5.12, 8;
    %pushi/vec4 1, 0, 2;
    %jmp/1 T_5.13, 8;
T_5.12 ; End of true expr.
    %pushi/vec4 0, 0, 2;
    %jmp/0 T_5.13, 8;
 ; End of false expr.
    %blend;
T_5.13;
    %pad/s 1;
    %store/vec4 v0x5572a7161cf0_0, 0, 1;
    %jmp T_5.9;
T_5.4 ;
    %load/vec4 v0x5572a7160af0_0;
    %load/vec4 v0x5572a718bc10_0;
    %cmp/s;
    %flag_mov 8, 5;
    %jmp/0 T_5.14, 8;
    %pushi/vec4 1, 0, 2;
    %jmp/1 T_5.15, 8;
T_5.14 ; End of true expr.
    %pushi/vec4 0, 0, 2;
    %jmp/0 T_5.15, 8;
 ; End of false expr.
    %blend;
T_5.15;
    %pad/s 1;
    %store/vec4 v0x5572a7161cf0_0, 0, 1;
    %jmp T_5.9;
T_5.5 ;
    %load/vec4 v0x5572a718bc10_0;
    %load/vec4 v0x5572a7160af0_0;
    %cmp/s;
    %flag_or 5, 4;
    %flag_mov 8, 5;
    %jmp/0 T_5.16, 8;
    %pushi/vec4 1, 0, 2;
    %jmp/1 T_5.17, 8;
T_5.16 ; End of true expr.
    %pushi/vec4 0, 0, 2;
    %jmp/0 T_5.17, 8;
 ; End of false expr.
    %blend;
T_5.17;
    %pad/s 1;
    %store/vec4 v0x5572a7161cf0_0, 0, 1;
    %jmp T_5.9;
T_5.6 ;
    %load/vec4 v0x5572a7160af0_0;
    %load/vec4 v0x5572a718bc10_0;
    %cmp/u;
    %flag_mov 8, 5;
    %jmp/0 T_5.18, 8;
    %pushi/vec4 1, 0, 2;
    %jmp/1 T_5.19, 8;
T_5.18 ; End of true expr.
    %pushi/vec4 0, 0, 2;
    %jmp/0 T_5.19, 8;
 ; End of false expr.
    %blend;
T_5.19;
    %pad/s 1;
    %store/vec4 v0x5572a7161cf0_0, 0, 1;
    %jmp T_5.9;
T_5.7 ;
    %load/vec4 v0x5572a718bc10_0;
    %load/vec4 v0x5572a7160af0_0;
    %cmp/u;
    %flag_or 5, 4;
    %flag_mov 8, 5;
    %jmp/0 T_5.20, 8;
    %pushi/vec4 1, 0, 2;
    %jmp/1 T_5.21, 8;
T_5.20 ; End of true expr.
    %pushi/vec4 0, 0, 2;
    %jmp/0 T_5.21, 8;
 ; End of false expr.
    %blend;
T_5.21;
    %pad/s 1;
    %store/vec4 v0x5572a7161cf0_0, 0, 1;
    %jmp T_5.9;
T_5.9 ;
    %pop/vec4 1;
T_5.0 ;
    %jmp T_5;
    .thread T_5, $push;
    .scope S_0x5572a71a0a50;
T_6 ;
    %wait E_0x5572a718d840;
    %load/vec4 v0x5572a71a0ff0_0;
    %parti/s 12, 20, 6;
    %store/vec4 v0x5572a71a0e20_0, 0, 12;
    %load/vec4 v0x5572a71a0e20_0;
    %parti/s 1, 11, 5;
    %replicate 20;
    %load/vec4 v0x5572a71a0e20_0;
    %concat/vec4; draw_concat_vec4
    %store/vec4 v0x5572a71a0f00_0, 0, 32;
    %load/vec4 v0x5572a71a0ff0_0;
    %parti/s 5, 7, 4;
    %ix/load 4, 0, 0;
    %flag_set/imm 4, 0;
    %store/vec4 v0x5572a71a1200_0, 4, 5;
    %load/vec4 v0x5572a71a0ff0_0;
    %parti/s 7, 25, 6;
    %ix/load 4, 5, 0;
    %flag_set/imm 4, 0;
    %store/vec4 v0x5572a71a1200_0, 4, 7;
    %load/vec4 v0x5572a71a1200_0;
    %parti/s 1, 11, 5;
    %replicate 20;
    %load/vec4 v0x5572a71a1200_0;
    %concat/vec4; draw_concat_vec4
    %store/vec4 v0x5572a71a12e0_0, 0, 32;
    %load/vec4 v0x5572a71a0ff0_0;
    %parti/s 1, 31, 6;
    %replicate 19;
    %load/vec4 v0x5572a71a0ff0_0;
    %parti/s 1, 31, 6;
    %concat/vec4; draw_concat_vec4
    %load/vec4 v0x5572a71a0ff0_0;
    %parti/s 1, 7, 4;
    %concat/vec4; draw_concat_vec4
    %load/vec4 v0x5572a71a0ff0_0;
    %parti/s 6, 25, 6;
    %concat/vec4; draw_concat_vec4
    %load/vec4 v0x5572a71a0ff0_0;
    %parti/s 4, 8, 5;
    %concat/vec4; draw_concat_vec4
    %concati/vec4 0, 0, 1;
    %store/vec4 v0x5572a71a0d20_0, 0, 32;
    %load/vec4 v0x5572a71a0ff0_0;
    %parti/s 1, 31, 6;
    %replicate 11;
    %load/vec4 v0x5572a71a0ff0_0;
    %parti/s 1, 31, 6;
    %concat/vec4; draw_concat_vec4
    %load/vec4 v0x5572a71a0ff0_0;
    %parti/s 8, 12, 5;
    %concat/vec4; draw_concat_vec4
    %load/vec4 v0x5572a71a0ff0_0;
    %parti/s 1, 20, 6;
    %concat/vec4; draw_concat_vec4
    %load/vec4 v0x5572a71a0ff0_0;
    %parti/s 10, 21, 6;
    %concat/vec4; draw_concat_vec4
    %concati/vec4 0, 0, 1;
    %store/vec4 v0x5572a71a10d0_0, 0, 32;
    %load/vec4 v0x5572a71a0ff0_0;
    %parti/s 20, 12, 5;
    %concati/vec4 0, 0, 12;
    %store/vec4 v0x5572a71a13c0_0, 0, 32;
    %jmp T_6;
    .thread T_6, $push;
    .scope S_0x5572a719eb10;
T_7 ;
    %wait E_0x5572a70a8d90;
    %load/vec4 v0x5572a719f2e0_0;
    %dup/vec4;
    %pushi/vec4 51, 0, 7;
    %cmp/u;
    %jmp/1 T_7.0, 6;
    %dup/vec4;
    %pushi/vec4 19, 0, 7;
    %cmp/u;
    %jmp/1 T_7.1, 6;
    %dup/vec4;
    %pushi/vec4 35, 0, 7;
    %cmp/u;
    %jmp/1 T_7.2, 6;
    %dup/vec4;
    %pushi/vec4 3, 0, 7;
    %cmp/u;
    %jmp/1 T_7.3, 6;
    %dup/vec4;
    %pushi/vec4 99, 0, 7;
    %cmp/u;
    %jmp/1 T_7.4, 6;
    %dup/vec4;
    %pushi/vec4 103, 0, 7;
    %cmp/u;
    %jmp/1 T_7.5, 6;
    %dup/vec4;
    %pushi/vec4 111, 0, 7;
    %cmp/u;
    %jmp/1 T_7.6, 6;
    %dup/vec4;
    %pushi/vec4 23, 0, 7;
    %cmp/u;
    %jmp/1 T_7.7, 6;
    %dup/vec4;
    %pushi/vec4 55, 0, 7;
    %cmp/u;
    %jmp/1 T_7.8, 6;
    %pushi/vec4 0, 0, 1;
    %store/vec4 v0x5572a719f380_0, 0, 1;
    %pushi/vec4 0, 0, 1;
    %store/vec4 v0x5572a719ef40_0, 0, 1;
    %pushi/vec4 0, 0, 1;
    %store/vec4 v0x5572a719f450_0, 0, 1;
    %pushi/vec4 0, 0, 1;
    %store/vec4 v0x5572a719f170_0, 0, 1;
    %pushi/vec4 0, 0, 1;
    %store/vec4 v0x5572a719eea0_0, 0, 1;
    %pushi/vec4 0, 0, 1;
    %store/vec4 v0x5572a719efe0_0, 0, 1;
    %pushi/vec4 0, 0, 1;
    %store/vec4 v0x5572a719f080_0, 0, 1;
    %pushi/vec4 0, 0, 1;
    %store/vec4 v0x5572a719ede0_0, 0, 1;
    %pushi/vec4 0, 0, 1;
    %store/vec4 v0x5572a719f210_0, 0, 1;
    %jmp T_7.10;
T_7.0 ;
    %pushi/vec4 1, 0, 1;
    %store/vec4 v0x5572a719f380_0, 0, 1;
    %pushi/vec4 0, 0, 1;
    %store/vec4 v0x5572a719ef40_0, 0, 1;
    %pushi/vec4 0, 0, 1;
    %store/vec4 v0x5572a719f450_0, 0, 1;
    %pushi/vec4 0, 0, 1;
    %store/vec4 v0x5572a719f170_0, 0, 1;
    %pushi/vec4 0, 0, 1;
    %store/vec4 v0x5572a719eea0_0, 0, 1;
    %pushi/vec4 0, 0, 1;
    %store/vec4 v0x5572a719efe0_0, 0, 1;
    %pushi/vec4 0, 0, 1;
    %store/vec4 v0x5572a719f080_0, 0, 1;
    %pushi/vec4 0, 0, 1;
    %store/vec4 v0x5572a719ede0_0, 0, 1;
    %pushi/vec4 0, 0, 1;
    %store/vec4 v0x5572a719f210_0, 0, 1;
    %jmp T_7.10;
T_7.1 ;
    %pushi/vec4 0, 0, 1;
    %store/vec4 v0x5572a719f380_0, 0, 1;
    %pushi/vec4 1, 0, 1;
    %store/vec4 v0x5572a719ef40_0, 0, 1;
    %pushi/vec4 0, 0, 1;
    %store/vec4 v0x5572a719f450_0, 0, 1;
    %pushi/vec4 0, 0, 1;
    %store/vec4 v0x5572a719f170_0, 0, 1;
    %pushi/vec4 0, 0, 1;
    %store/vec4 v0x5572a719eea0_0, 0, 1;
    %pushi/vec4 0, 0, 1;
    %store/vec4 v0x5572a719efe0_0, 0, 1;
    %pushi/vec4 0, 0, 1;
    %store/vec4 v0x5572a719f080_0, 0, 1;
    %pushi/vec4 0, 0, 1;
    %store/vec4 v0x5572a719ede0_0, 0, 1;
    %pushi/vec4 0, 0, 1;
    %store/vec4 v0x5572a719f210_0, 0, 1;
    %jmp T_7.10;
T_7.2 ;
    %pushi/vec4 0, 0, 1;
    %store/vec4 v0x5572a719f380_0, 0, 1;
    %pushi/vec4 0, 0, 1;
    %store/vec4 v0x5572a719ef40_0, 0, 1;
    %pushi/vec4 1, 0, 1;
    %store/vec4 v0x5572a719f450_0, 0, 1;
    %pushi/vec4 0, 0, 1;
    %store/vec4 v0x5572a719f170_0, 0, 1;
    %pushi/vec4 0, 0, 1;
    %store/vec4 v0x5572a719eea0_0, 0, 1;
    %pushi/vec4 0, 0, 1;
    %store/vec4 v0x5572a719efe0_0, 0, 1;
    %pushi/vec4 0, 0, 1;
    %store/vec4 v0x5572a719f080_0, 0, 1;
    %pushi/vec4 0, 0, 1;
    %store/vec4 v0x5572a719ede0_0, 0, 1;
    %pushi/vec4 0, 0, 1;
    %store/vec4 v0x5572a719f210_0, 0, 1;
    %jmp T_7.10;
T_7.3 ;
    %pushi/vec4 0, 0, 1;
    %store/vec4 v0x5572a719f380_0, 0, 1;
    %pushi/vec4 0, 0, 1;
    %store/vec4 v0x5572a719ef40_0, 0, 1;
    %pushi/vec4 0, 0, 1;
    %store/vec4 v0x5572a719f450_0, 0, 1;
    %pushi/vec4 1, 0, 1;
    %store/vec4 v0x5572a719f170_0, 0, 1;
    %pushi/vec4 0, 0, 1;
    %store/vec4 v0x5572a719eea0_0, 0, 1;
    %pushi/vec4 0, 0, 1;
    %store/vec4 v0x5572a719efe0_0, 0, 1;
    %pushi/vec4 0, 0, 1;
    %store/vec4 v0x5572a719f080_0, 0, 1;
    %pushi/vec4 0, 0, 1;
    %store/vec4 v0x5572a719ede0_0, 0, 1;
    %pushi/vec4 0, 0, 1;
    %store/vec4 v0x5572a719f210_0, 0, 1;
    %jmp T_7.10;
T_7.4 ;
    %pushi/vec4 0, 0, 1;
    %store/vec4 v0x5572a719f380_0, 0, 1;
    %pushi/vec4 0, 0, 1;
    %store/vec4 v0x5572a719ef40_0, 0, 1;
    %pushi/vec4 0, 0, 1;
    %store/vec4 v0x5572a719f450_0, 0, 1;
    %pushi/vec4 0, 0, 1;
    %store/vec4 v0x5572a719f170_0, 0, 1;
    %pushi/vec4 1, 0, 1;
    %store/vec4 v0x5572a719eea0_0, 0, 1;
    %pushi/vec4 0, 0, 1;
    %store/vec4 v0x5572a719efe0_0, 0, 1;
    %pushi/vec4 0, 0, 1;
    %store/vec4 v0x5572a719f080_0, 0, 1;
    %pushi/vec4 0, 0, 1;
    %store/vec4 v0x5572a719ede0_0, 0, 1;
    %pushi/vec4 0, 0, 1;
    %store/vec4 v0x5572a719f210_0, 0, 1;
    %jmp T_7.10;
T_7.5 ;
    %pushi/vec4 0, 0, 1;
    %store/vec4 v0x5572a719f380_0, 0, 1;
    %pushi/vec4 0, 0, 1;
    %store/vec4 v0x5572a719ef40_0, 0, 1;
    %pushi/vec4 0, 0, 1;
    %store/vec4 v0x5572a719f450_0, 0, 1;
    %pushi/vec4 0, 0, 1;
    %store/vec4 v0x5572a719f170_0, 0, 1;
    %pushi/vec4 0, 0, 1;
    %store/vec4 v0x5572a719eea0_0, 0, 1;
    %pushi/vec4 0, 0, 1;
    %store/vec4 v0x5572a719efe0_0, 0, 1;
    %pushi/vec4 1, 0, 1;
    %store/vec4 v0x5572a719f080_0, 0, 1;
    %pushi/vec4 0, 0, 1;
    %store/vec4 v0x5572a719ede0_0, 0, 1;
    %pushi/vec4 0, 0, 1;
    %store/vec4 v0x5572a719f210_0, 0, 1;
    %jmp T_7.10;
T_7.6 ;
    %pushi/vec4 0, 0, 1;
    %store/vec4 v0x5572a719f380_0, 0, 1;
    %pushi/vec4 0, 0, 1;
    %store/vec4 v0x5572a719ef40_0, 0, 1;
    %pushi/vec4 0, 0, 1;
    %store/vec4 v0x5572a719f450_0, 0, 1;
    %pushi/vec4 0, 0, 1;
    %store/vec4 v0x5572a719f170_0, 0, 1;
    %pushi/vec4 0, 0, 1;
    %store/vec4 v0x5572a719eea0_0, 0, 1;
    %pushi/vec4 1, 0, 1;
    %store/vec4 v0x5572a719efe0_0, 0, 1;
    %pushi/vec4 0, 0, 1;
    %store/vec4 v0x5572a719f080_0, 0, 1;
    %pushi/vec4 0, 0, 1;
    %store/vec4 v0x5572a719ede0_0, 0, 1;
    %pushi/vec4 0, 0, 1;
    %store/vec4 v0x5572a719f210_0, 0, 1;
    %jmp T_7.10;
T_7.7 ;
    %pushi/vec4 0, 0, 1;
    %store/vec4 v0x5572a719f380_0, 0, 1;
    %pushi/vec4 0, 0, 1;
    %store/vec4 v0x5572a719ef40_0, 0, 1;
    %pushi/vec4 0, 0, 1;
    %store/vec4 v0x5572a719f450_0, 0, 1;
    %pushi/vec4 0, 0, 1;
    %store/vec4 v0x5572a719f170_0, 0, 1;
    %pushi/vec4 0, 0, 1;
    %store/vec4 v0x5572a719eea0_0, 0, 1;
    %pushi/vec4 0, 0, 1;
    %store/vec4 v0x5572a719efe0_0, 0, 1;
    %pushi/vec4 0, 0, 1;
    %store/vec4 v0x5572a719f080_0, 0, 1;
    %pushi/vec4 1, 0, 1;
    %store/vec4 v0x5572a719ede0_0, 0, 1;
    %pushi/vec4 0, 0, 1;
    %store/vec4 v0x5572a719f210_0, 0, 1;
    %jmp T_7.10;
T_7.8 ;
    %pushi/vec4 0, 0, 1;
    %store/vec4 v0x5572a719f380_0, 0, 1;
    %pushi/vec4 0, 0, 1;
    %store/vec4 v0x5572a719ef40_0, 0, 1;
    %pushi/vec4 0, 0, 1;
    %store/vec4 v0x5572a719f450_0, 0, 1;
    %pushi/vec4 0, 0, 1;
    %store/vec4 v0x5572a719f170_0, 0, 1;
    %pushi/vec4 0, 0, 1;
    %store/vec4 v0x5572a719eea0_0, 0, 1;
    %pushi/vec4 0, 0, 1;
    %store/vec4 v0x5572a719efe0_0, 0, 1;
    %pushi/vec4 0, 0, 1;
    %store/vec4 v0x5572a719f080_0, 0, 1;
    %pushi/vec4 0, 0, 1;
    %store/vec4 v0x5572a719ede0_0, 0, 1;
    %pushi/vec4 1, 0, 1;
    %store/vec4 v0x5572a719f210_0, 0, 1;
    %jmp T_7.10;
T_7.10 ;
    %pop/vec4 1;
    %jmp T_7;
    .thread T_7, $push;
    .scope S_0x5572a719cfb0;
T_8 ;
    %wait E_0x5572a70c0910;
    %load/vec4 v0x5572a719e160_0;
    %load/vec4 v0x5572a719d820_0;
    %or;
    %load/vec4 v0x5572a719dcc0_0;
    %or;
    %load/vec4 v0x5572a719d9c0_0;
    %or;
    %load/vec4 v0x5572a719da80_0;
    %or;
    %load/vec4 v0x5572a719d4d0_0;
    %or;
    %load/vec4 v0x5572a719dd80_0;
    %or;
    %store/vec4 v0x5572a719e220_0, 0, 1;
    %load/vec4 v0x5572a719e440_0;
    %store/vec4 v0x5572a719e2e0_0, 0, 1;
    %load/vec4 v0x5572a719dcc0_0;
    %store/vec4 v0x5572a719dc00_0, 0, 1;
    %load/vec4 v0x5572a719d590_0;
    %store/vec4 v0x5572a719e3a0_0, 0, 1;
    %load/vec4 v0x5572a719d9c0_0;
    %store/vec4 v0x5572a719e660_0, 0, 1;
    %load/vec4 v0x5572a719da80_0;
    %store/vec4 v0x5572a719db40_0, 0, 1;
    %load/vec4 v0x5572a719d4d0_0;
    %store/vec4 v0x5572a719e4e0_0, 0, 1;
    %load/vec4 v0x5572a719dd80_0;
    %store/vec4 v0x5572a719e5a0_0, 0, 1;
    %load/vec4 v0x5572a719d820_0;
    %load/vec4 v0x5572a719e440_0;
    %or;
    %load/vec4 v0x5572a719dcc0_0;
    %or;
    %load/vec4 v0x5572a719d590_0;
    %or;
    %load/vec4 v0x5572a719d9c0_0;
    %or;
    %load/vec4 v0x5572a719da80_0;
    %or;
    %load/vec4 v0x5572a719d4d0_0;
    %or;
    %load/vec4 v0x5572a719dd80_0;
    %or;
    %store/vec4 v0x5572a719e0a0_0, 0, 1;
    %load/vec4 v0x5572a719d590_0;
    %load/vec4 v0x5572a719d9c0_0;
    %or;
    %load/vec4 v0x5572a719d4d0_0;
    %or;
    %store/vec4 v0x5572a719dfe0_0, 0, 1;
    %load/vec4 v0x5572a719e160_0;
    %flag_set/vec4 8;
    %jmp/0xz  T_8.0, 8;
    %pushi/vec4 0, 0, 1;
    %store/vec4 v0x5572a719e0a0_0, 0, 1;
    %pushi/vec4 0, 0, 2;
    %store/vec4 v0x5572a719df00_0, 0, 2;
    %load/vec4 v0x5572a719d710_0;
    %flag_set/vec4 8;
    %jmp/0xz  T_8.2, 8;
    %load/vec4 v0x5572a719d630_0;
    %dup/vec4;
    %pushi/vec4 0, 0, 3;
    %cmp/u;
    %jmp/1 T_8.4, 6;
    %dup/vec4;
    %pushi/vec4 5, 0, 3;
    %cmp/u;
    %jmp/1 T_8.5, 6;
    %jmp T_8.6;
T_8.4 ;
    %pushi/vec4 1, 0, 4;
    %store/vec4 v0x5572a7161df0_0, 0, 4;
    %jmp T_8.6;
T_8.5 ;
    %pushi/vec4 7, 0, 4;
    %store/vec4 v0x5572a7161df0_0, 0, 4;
    %jmp T_8.6;
T_8.6 ;
    %pop/vec4 1;
    %jmp T_8.3;
T_8.2 ;
    %load/vec4 v0x5572a719d630_0;
    %dup/vec4;
    %pushi/vec4 0, 0, 3;
    %cmp/u;
    %jmp/1 T_8.7, 6;
    %dup/vec4;
    %pushi/vec4 1, 0, 3;
    %cmp/u;
    %jmp/1 T_8.8, 6;
    %dup/vec4;
    %pushi/vec4 2, 0, 3;
    %cmp/u;
    %jmp/1 T_8.9, 6;
    %dup/vec4;
    %pushi/vec4 3, 0, 3;
    %cmp/u;
    %jmp/1 T_8.10, 6;
    %dup/vec4;
    %pushi/vec4 4, 0, 3;
    %cmp/u;
    %jmp/1 T_8.11, 6;
    %dup/vec4;
    %pushi/vec4 5, 0, 3;
    %cmp/u;
    %jmp/1 T_8.12, 6;
    %dup/vec4;
    %pushi/vec4 6, 0, 3;
    %cmp/u;
    %jmp/1 T_8.13, 6;
    %dup/vec4;
    %pushi/vec4 7, 0, 3;
    %cmp/u;
    %jmp/1 T_8.14, 6;
    %jmp T_8.15;
T_8.7 ;
    %pushi/vec4 0, 0, 4;
    %store/vec4 v0x5572a7161df0_0, 0, 4;
    %jmp T_8.15;
T_8.8 ;
    %pushi/vec4 2, 0, 4;
    %store/vec4 v0x5572a7161df0_0, 0, 4;
    %jmp T_8.15;
T_8.9 ;
    %pushi/vec4 3, 0, 4;
    %store/vec4 v0x5572a7161df0_0, 0, 4;
    %jmp T_8.15;
T_8.10 ;
    %pushi/vec4 4, 0, 4;
    %store/vec4 v0x5572a7161df0_0, 0, 4;
    %jmp T_8.15;
T_8.11 ;
    %pushi/vec4 5, 0, 4;
    %store/vec4 v0x5572a7161df0_0, 0, 4;
    %jmp T_8.15;
T_8.12 ;
    %pushi/vec4 6, 0, 4;
    %store/vec4 v0x5572a7161df0_0, 0, 4;
    %jmp T_8.15;
T_8.13 ;
    %pushi/vec4 8, 0, 4;
    %store/vec4 v0x5572a7161df0_0, 0, 4;
    %jmp T_8.15;
T_8.14 ;
    %pushi/vec4 9, 0, 4;
    %store/vec4 v0x5572a7161df0_0, 0, 4;
    %jmp T_8.15;
T_8.15 ;
    %pop/vec4 1;
T_8.3 ;
T_8.0 ;
    %load/vec4 v0x5572a719d820_0;
    %flag_set/vec4 8;
    %jmp/0xz  T_8.16, 8;
    %pushi/vec4 0, 0, 3;
    %store/vec4 v0x5572a719d8e0_0, 0, 3;
    %pushi/vec4 0, 0, 2;
    %store/vec4 v0x5572a719df00_0, 0, 2;
    %load/vec4 v0x5572a719d710_0;
    %flag_set/vec4 8;
    %jmp/0xz  T_8.18, 8;
    %load/vec4 v0x5572a719d630_0;
    %dup/vec4;
    %pushi/vec4 5, 0, 3;
    %cmp/u;
    %jmp/1 T_8.20, 6;
    %jmp T_8.21;
T_8.20 ;
    %pushi/vec4 7, 0, 4;
    %store/vec4 v0x5572a7161df0_0, 0, 4;
    %jmp T_8.21;
T_8.21 ;
    %pop/vec4 1;
    %jmp T_8.19;
T_8.18 ;
    %load/vec4 v0x5572a719d630_0;
    %dup/vec4;
    %pushi/vec4 0, 0, 3;
    %cmp/u;
    %jmp/1 T_8.22, 6;
    %dup/vec4;
    %pushi/vec4 1, 0, 3;
    %cmp/u;
    %jmp/1 T_8.23, 6;
    %dup/vec4;
    %pushi/vec4 2, 0, 3;
    %cmp/u;
    %jmp/1 T_8.24, 6;
    %dup/vec4;
    %pushi/vec4 3, 0, 3;
    %cmp/u;
    %jmp/1 T_8.25, 6;
    %dup/vec4;
    %pushi/vec4 4, 0, 3;
    %cmp/u;
    %jmp/1 T_8.26, 6;
    %dup/vec4;
    %pushi/vec4 5, 0, 3;
    %cmp/u;
    %jmp/1 T_8.27, 6;
    %dup/vec4;
    %pushi/vec4 6, 0, 3;
    %cmp/u;
    %jmp/1 T_8.28, 6;
    %dup/vec4;
    %pushi/vec4 7, 0, 3;
    %cmp/u;
    %jmp/1 T_8.29, 6;
    %jmp T_8.30;
T_8.22 ;
    %pushi/vec4 0, 0, 4;
    %store/vec4 v0x5572a7161df0_0, 0, 4;
    %jmp T_8.30;
T_8.23 ;
    %pushi/vec4 2, 0, 4;
    %store/vec4 v0x5572a7161df0_0, 0, 4;
    %jmp T_8.30;
T_8.24 ;
    %pushi/vec4 3, 0, 4;
    %store/vec4 v0x5572a7161df0_0, 0, 4;
    %jmp T_8.30;
T_8.25 ;
    %pushi/vec4 4, 0, 4;
    %store/vec4 v0x5572a7161df0_0, 0, 4;
    %jmp T_8.30;
T_8.26 ;
    %pushi/vec4 5, 0, 4;
    %store/vec4 v0x5572a7161df0_0, 0, 4;
    %jmp T_8.30;
T_8.27 ;
    %pushi/vec4 6, 0, 4;
    %store/vec4 v0x5572a7161df0_0, 0, 4;
    %jmp T_8.30;
T_8.28 ;
    %pushi/vec4 8, 0, 4;
    %store/vec4 v0x5572a7161df0_0, 0, 4;
    %jmp T_8.30;
T_8.29 ;
    %pushi/vec4 9, 0, 4;
    %store/vec4 v0x5572a7161df0_0, 0, 4;
    %jmp T_8.30;
T_8.30 ;
    %pop/vec4 1;
T_8.19 ;
T_8.16 ;
    %load/vec4 v0x5572a719e440_0;
    %store/vec4 v0x5572a719de40_0, 0, 1;
    %load/vec4 v0x5572a719e440_0;
    %flag_set/vec4 8;
    %jmp/0xz  T_8.31, 8;
    %pushi/vec4 1, 0, 3;
    %store/vec4 v0x5572a719d8e0_0, 0, 3;
    %pushi/vec4 0, 0, 2;
    %store/vec4 v0x5572a719df00_0, 0, 2;
    %load/vec4 v0x5572a719d630_0;
    %dup/vec4;
    %pushi/vec4 0, 0, 3;
    %cmp/u;
    %jmp/1 T_8.33, 6;
    %dup/vec4;
    %pushi/vec4 1, 0, 3;
    %cmp/u;
    %jmp/1 T_8.34, 6;
    %dup/vec4;
    %pushi/vec4 2, 0, 3;
    %cmp/u;
    %jmp/1 T_8.35, 6;
    %dup/vec4;
    %pushi/vec4 3, 0, 3;
    %cmp/u;
    %jmp/1 T_8.36, 6;
    %jmp T_8.37;
T_8.33 ;
    %pushi/vec4 0, 0, 4;
    %store/vec4 v0x5572a7161df0_0, 0, 4;
    %jmp T_8.37;
T_8.34 ;
    %pushi/vec4 0, 0, 4;
    %store/vec4 v0x5572a7161df0_0, 0, 4;
    %jmp T_8.37;
T_8.35 ;
    %pushi/vec4 0, 0, 4;
    %store/vec4 v0x5572a7161df0_0, 0, 4;
    %jmp T_8.37;
T_8.36 ;
    %pushi/vec4 0, 0, 4;
    %store/vec4 v0x5572a7161df0_0, 0, 4;
    %jmp T_8.37;
T_8.37 ;
    %pop/vec4 1;
T_8.31 ;
    %load/vec4 v0x5572a719dcc0_0;
    %flag_set/vec4 8;
    %jmp/0xz  T_8.38, 8;
    %pushi/vec4 0, 0, 3;
    %store/vec4 v0x5572a719d8e0_0, 0, 3;
    %pushi/vec4 1, 0, 2;
    %store/vec4 v0x5572a719df00_0, 0, 2;
    %load/vec4 v0x5572a719d630_0;
    %dup/vec4;
    %pushi/vec4 0, 0, 3;
    %cmp/u;
    %jmp/1 T_8.40, 6;
    %dup/vec4;
    %pushi/vec4 1, 0, 3;
    %cmp/u;
    %jmp/1 T_8.41, 6;
    %dup/vec4;
    %pushi/vec4 2, 0, 3;
    %cmp/u;
    %jmp/1 T_8.42, 6;
    %dup/vec4;
    %pushi/vec4 4, 0, 3;
    %cmp/u;
    %jmp/1 T_8.43, 6;
    %dup/vec4;
    %pushi/vec4 5, 0, 3;
    %cmp/u;
    %jmp/1 T_8.44, 6;
    %jmp T_8.45;
T_8.40 ;
    %pushi/vec4 0, 0, 4;
    %store/vec4 v0x5572a7161df0_0, 0, 4;
    %jmp T_8.45;
T_8.41 ;
    %pushi/vec4 0, 0, 4;
    %store/vec4 v0x5572a7161df0_0, 0, 4;
    %jmp T_8.45;
T_8.42 ;
    %pushi/vec4 0, 0, 4;
    %store/vec4 v0x5572a7161df0_0, 0, 4;
    %jmp T_8.45;
T_8.43 ;
    %pushi/vec4 0, 0, 4;
    %store/vec4 v0x5572a7161df0_0, 0, 4;
    %jmp T_8.45;
T_8.44 ;
    %pushi/vec4 0, 0, 4;
    %store/vec4 v0x5572a7161df0_0, 0, 4;
    %jmp T_8.45;
T_8.45 ;
    %pop/vec4 1;
T_8.38 ;
    %load/vec4 v0x5572a719d590_0;
    %flag_set/vec4 8;
    %jmp/0xz  T_8.46, 8;
    %pushi/vec4 2, 0, 3;
    %store/vec4 v0x5572a719d8e0_0, 0, 3;
    %pushi/vec4 0, 0, 2;
    %store/vec4 v0x5572a719df00_0, 0, 2;
    %pushi/vec4 0, 0, 4;
    %store/vec4 v0x5572a7161df0_0, 0, 4;
T_8.46 ;
    %load/vec4 v0x5572a719d9c0_0;
    %flag_set/vec4 8;
    %jmp/0xz  T_8.48, 8;
    %pushi/vec4 3, 0, 3;
    %store/vec4 v0x5572a719d8e0_0, 0, 3;
    %pushi/vec4 2, 0, 2;
    %store/vec4 v0x5572a719df00_0, 0, 2;
    %pushi/vec4 0, 0, 4;
    %store/vec4 v0x5572a7161df0_0, 0, 4;
T_8.48 ;
    %load/vec4 v0x5572a719da80_0;
    %flag_set/vec4 8;
    %jmp/0xz  T_8.50, 8;
    %pushi/vec4 0, 0, 3;
    %store/vec4 v0x5572a719d8e0_0, 0, 3;
    %pushi/vec4 0, 0, 2;
    %store/vec4 v0x5572a719df00_0, 0, 2;
    %pushi/vec4 0, 0, 4;
    %store/vec4 v0x5572a7161df0_0, 0, 4;
T_8.50 ;
    %load/vec4 v0x5572a719d4d0_0;
    %flag_set/vec4 8;
    %jmp/0xz  T_8.52, 8;
    %pushi/vec4 4, 0, 3;
    %store/vec4 v0x5572a719d8e0_0, 0, 3;
    %pushi/vec4 0, 0, 2;
    %store/vec4 v0x5572a719df00_0, 0, 2;
    %pushi/vec4 0, 0, 4;
    %store/vec4 v0x5572a7161df0_0, 0, 4;
T_8.52 ;
    %load/vec4 v0x5572a719dd80_0;
    %flag_set/vec4 8;
    %jmp/0xz  T_8.54, 8;
    %pushi/vec4 4, 0, 3;
    %store/vec4 v0x5572a719d8e0_0, 0, 3;
    %pushi/vec4 0, 0, 2;
    %store/vec4 v0x5572a719df00_0, 0, 2;
T_8.54 ;
    %jmp T_8;
    .thread T_8, $push;
    .scope S_0x5572a71a2c00;
T_9 ;
    %wait E_0x5572a718d6b0;
    %pushi/vec4 0, 0, 32;
    %ix/load 3, 0, 0;
    %flag_set/imm 4, 0;
    %ix/load 4, 0, 0; Constant delay
    %assign/vec4/a/d v0x5572a71a4030, 0, 4;
    %load/vec4 v0x5572a71a42b0_0;
    %nor/r;
    %flag_set/vec4 8;
    %jmp/0xz  T_9.0, 8;
    %pushi/vec4 1, 0, 32;
    %store/vec4 v0x5572a71a3b40_0, 0, 32;
T_9.2 ;
    %load/vec4 v0x5572a71a3b40_0;
    %cmpi/s 31, 0, 32;
    %flag_or 5, 4;
    %jmp/0xz T_9.3, 5;
    %pushi/vec4 0, 0, 32;
    %ix/getv/s 3, v0x5572a71a3b40_0;
    %ix/load 4, 0, 0; Constant delay
    %assign/vec4/a/d v0x5572a71a4030, 0, 4;
    ; show_stmt_assign_vector: Get l-value for compressed += operand
    %load/vec4 v0x5572a71a3b40_0;
    %pushi/vec4 1, 0, 32;
    %add;
    %store/vec4 v0x5572a71a3b40_0, 0, 32;
    %jmp T_9.2;
T_9.3 ;
    %jmp T_9.1;
T_9.0 ;
    %load/vec4 v0x5572a71a3aa0_0;
    %flag_set/vec4 8;
    %jmp/0xz  T_9.4, 8;
    %load/vec4 v0x5572a71a4370_0;
    %load/vec4 v0x5572a71a3f50_0;
    %pad/u 7;
    %ix/vec4 3;
    %ix/load 4, 0, 0; Constant delay
    %assign/vec4/a/d v0x5572a71a4030, 0, 4;
T_9.4 ;
T_9.1 ;
    %jmp T_9;
    .thread T_9;
    .scope S_0x5572a71a1560;
T_10 ;
    %wait E_0x5572a71a17f0;
    %load/vec4 v0x5572a71a1da0_0;
    %dup/vec4;
    %pushi/vec4 0, 0, 3;
    %cmp/u;
    %jmp/1 T_10.0, 6;
    %dup/vec4;
    %pushi/vec4 1, 0, 3;
    %cmp/u;
    %jmp/1 T_10.1, 6;
    %dup/vec4;
    %pushi/vec4 2, 0, 3;
    %cmp/u;
    %jmp/1 T_10.2, 6;
    %dup/vec4;
    %pushi/vec4 3, 0, 3;
    %cmp/u;
    %jmp/1 T_10.3, 6;
    %dup/vec4;
    %pushi/vec4 4, 0, 3;
    %cmp/u;
    %jmp/1 T_10.4, 6;
    %jmp T_10.5;
T_10.0 ;
    %load/vec4 v0x5572a71a1890_0;
    %store/vec4 v0x5572a71a1d00_0, 0, 32;
    %jmp T_10.5;
T_10.1 ;
    %load/vec4 v0x5572a71a1970_0;
    %store/vec4 v0x5572a71a1d00_0, 0, 32;
    %jmp T_10.5;
T_10.2 ;
    %load/vec4 v0x5572a71a1a40_0;
    %store/vec4 v0x5572a71a1d00_0, 0, 32;
    %jmp T_10.5;
T_10.3 ;
    %load/vec4 v0x5572a71a1b40_0;
    %store/vec4 v0x5572a71a1d00_0, 0, 32;
    %jmp T_10.5;
T_10.4 ;
    %load/vec4 v0x5572a71a1c10_0;
    %store/vec4 v0x5572a71a1d00_0, 0, 32;
    %jmp T_10.5;
T_10.5 ;
    %pop/vec4 1;
    %jmp T_10;
    .thread T_10, $push;
    .scope S_0x5572a71a6800;
T_11 ;
    %wait E_0x5572a71a69e0;
    %load/vec4 v0x5572a71a6c80_0;
    %dup/vec4;
    %pushi/vec4 0, 0, 4;
    %cmp/u;
    %jmp/1 T_11.0, 6;
    %dup/vec4;
    %pushi/vec4 1, 0, 4;
    %cmp/u;
    %jmp/1 T_11.1, 6;
    %dup/vec4;
    %pushi/vec4 2, 0, 4;
    %cmp/u;
    %jmp/1 T_11.2, 6;
    %dup/vec4;
    %pushi/vec4 3, 0, 4;
    %cmp/u;
    %jmp/1 T_11.3, 6;
    %dup/vec4;
    %pushi/vec4 4, 0, 4;
    %cmp/u;
    %jmp/1 T_11.4, 6;
    %dup/vec4;
    %pushi/vec4 5, 0, 4;
    %cmp/u;
    %jmp/1 T_11.5, 6;
    %dup/vec4;
    %pushi/vec4 6, 0, 4;
    %cmp/u;
    %jmp/1 T_11.6, 6;
    %dup/vec4;
    %pushi/vec4 7, 0, 4;
    %cmp/u;
    %jmp/1 T_11.7, 6;
    %dup/vec4;
    %pushi/vec4 8, 0, 4;
    %cmp/u;
    %jmp/1 T_11.8, 6;
    %dup/vec4;
    %pushi/vec4 9, 0, 4;
    %cmp/u;
    %jmp/1 T_11.9, 6;
    %load/vec4 v0x5572a71a6a40_0;
    %ix/getv 4, v0x5572a71a6b70_0;
    %shiftr 4;
    %store/vec4 v0x5572a71a6d20_0, 0, 32;
    %jmp T_11.11;
T_11.0 ;
    %load/vec4 v0x5572a71a6a40_0;
    %load/vec4 v0x5572a71a6b70_0;
    %add;
    %store/vec4 v0x5572a71a6d20_0, 0, 32;
    %jmp T_11.11;
T_11.1 ;
    %load/vec4 v0x5572a71a6a40_0;
    %load/vec4 v0x5572a71a6b70_0;
    %sub;
    %store/vec4 v0x5572a71a6d20_0, 0, 32;
    %jmp T_11.11;
T_11.2 ;
    %load/vec4 v0x5572a71a6a40_0;
    %load/vec4 v0x5572a71a6b70_0;
    %and;
    %store/vec4 v0x5572a71a6d20_0, 0, 32;
    %jmp T_11.11;
T_11.3 ;
    %load/vec4 v0x5572a71a6a40_0;
    %load/vec4 v0x5572a71a6b70_0;
    %or;
    %store/vec4 v0x5572a71a6d20_0, 0, 32;
    %jmp T_11.11;
T_11.4 ;
    %load/vec4 v0x5572a71a6a40_0;
    %load/vec4 v0x5572a71a6b70_0;
    %xor;
    %store/vec4 v0x5572a71a6d20_0, 0, 32;
    %jmp T_11.11;
T_11.5 ;
    %load/vec4 v0x5572a71a6a40_0;
    %ix/getv 4, v0x5572a71a6b70_0;
    %shiftl 4;
    %store/vec4 v0x5572a71a6d20_0, 0, 32;
    %jmp T_11.11;
T_11.6 ;
    %load/vec4 v0x5572a71a6a40_0;
    %ix/getv 4, v0x5572a71a6b70_0;
    %shiftr 4;
    %store/vec4 v0x5572a71a6d20_0, 0, 32;
    %jmp T_11.11;
T_11.7 ;
    %load/vec4 v0x5572a71a6a40_0;
    %ix/getv 4, v0x5572a71a6b70_0;
    %shiftr 4;
    %store/vec4 v0x5572a71a6d20_0, 0, 32;
    %jmp T_11.11;
T_11.8 ;
    %load/vec4 v0x5572a71a6a40_0;
    %load/vec4 v0x5572a71a6b70_0;
    %cmp/u;
    %flag_get/vec4 5;
    %pad/u 32;
    %store/vec4 v0x5572a71a6d20_0, 0, 32;
    %jmp T_11.11;
T_11.9 ;
    %load/vec4 v0x5572a71a6a40_0;
    %load/vec4 v0x5572a71a6b70_0;
    %cmp/u;
    %flag_get/vec4 5;
    %pad/u 32;
    %store/vec4 v0x5572a71a6d20_0, 0, 32;
    %jmp T_11.11;
T_11.11 ;
    %pop/vec4 1;
    %jmp T_11;
    .thread T_11, $push;
    .scope S_0x5572a71a62d0;
T_12 ;
    %wait E_0x5572a71a6510;
    %load/vec4 v0x5572a71a6590_0;
    %addi 4, 0, 32;
    %store/vec4 v0x5572a71a66c0_0, 0, 32;
    %jmp T_12;
    .thread T_12, $push;
    .scope S_0x5572a71a97d0;
T_13 ;
    %wait E_0x5572a71a9a60;
    %load/vec4 v0x5572a71aa1d0_0;
    %flag_set/vec4 8;
    %jmp/0xz  T_13.0, 8;
    %load/vec4 v0x5572a71a9d60_0;
    %cmpi/e 2, 0, 3;
    %jmp/0xz  T_13.2, 4;
    %pushi/vec4 15, 0, 4;
    %store/vec4 v0x5572a71aa0f0_0, 0, 4;
    %load/vec4 v0x5572a71a9c00_0;
    %store/vec4 v0x5572a71a9cc0_0, 0, 32;
T_13.2 ;
    %load/vec4 v0x5572a71a9d60_0;
    %cmpi/e 1, 0, 3;
    %jmp/0xz  T_13.4, 4;
    %load/vec4 v0x5572a71a9b00_0;
    %pad/u 4;
    %dup/vec4;
    %pushi/vec4 0, 0, 4;
    %cmp/u;
    %jmp/1 T_13.6, 6;
    %dup/vec4;
    %pushi/vec4 10, 0, 4;
    %cmp/u;
    %jmp/1 T_13.7, 6;
    %dup/vec4;
    %pushi/vec4 1, 0, 4;
    %cmp/u;
    %jmp/1 T_13.8, 6;
    %jmp T_13.9;
T_13.6 ;
    %pushi/vec4 3, 0, 4;
    %store/vec4 v0x5572a71aa0f0_0, 0, 4;
    %load/vec4 v0x5572a71a9c00_0;
    %store/vec4 v0x5572a71a9cc0_0, 0, 32;
    %jmp T_13.9;
T_13.7 ;
    %pushi/vec4 6, 0, 4;
    %store/vec4 v0x5572a71aa0f0_0, 0, 4;
    %load/vec4 v0x5572a71a9c00_0;
    %parti/s 8, 24, 6;
    %load/vec4 v0x5572a71a9c00_0;
    %parti/s 16, 0, 2;
    %concat/vec4; draw_concat_vec4
    %load/vec4 v0x5572a71a9c00_0;
    %parti/s 8, 0, 2;
    %concat/vec4; draw_concat_vec4
    %store/vec4 v0x5572a71a9cc0_0, 0, 32;
    %jmp T_13.9;
T_13.8 ;
    %pushi/vec4 12, 0, 4;
    %store/vec4 v0x5572a71aa0f0_0, 0, 4;
    %load/vec4 v0x5572a71a9c00_0;
    %parti/s 16, 0, 2;
    %load/vec4 v0x5572a71a9c00_0;
    %parti/s 16, 0, 2;
    %concat/vec4; draw_concat_vec4
    %store/vec4 v0x5572a71a9cc0_0, 0, 32;
    %jmp T_13.9;
T_13.9 ;
    %pop/vec4 1;
T_13.4 ;
    %load/vec4 v0x5572a71a9d60_0;
    %cmpi/e 0, 0, 3;
    %jmp/0xz  T_13.10, 4;
    %load/vec4 v0x5572a71a9b00_0;
    %pad/u 4;
    %dup/vec4;
    %pushi/vec4 0, 0, 4;
    %cmp/u;
    %jmp/1 T_13.12, 6;
    %dup/vec4;
    %pushi/vec4 10, 0, 4;
    %cmp/u;
    %jmp/1 T_13.13, 6;
    %dup/vec4;
    %pushi/vec4 1, 0, 4;
    %cmp/u;
    %jmp/1 T_13.14, 6;
    %dup/vec4;
    %pushi/vec4 11, 0, 4;
    %cmp/u;
    %jmp/1 T_13.15, 6;
    %jmp T_13.16;
T_13.12 ;
    %pushi/vec4 1, 0, 4;
    %store/vec4 v0x5572a71aa0f0_0, 0, 4;
    %load/vec4 v0x5572a71a9c00_0;
    %store/vec4 v0x5572a71a9cc0_0, 0, 32;
    %jmp T_13.16;
T_13.13 ;
    %pushi/vec4 2, 0, 4;
    %store/vec4 v0x5572a71aa0f0_0, 0, 4;
    %load/vec4 v0x5572a71a9c00_0;
    %parti/s 16, 16, 6;
    %load/vec4 v0x5572a71a9c00_0;
    %parti/s 8, 0, 2;
    %concat/vec4; draw_concat_vec4
    %load/vec4 v0x5572a71a9c00_0;
    %parti/s 8, 0, 2;
    %concat/vec4; draw_concat_vec4
    %store/vec4 v0x5572a71a9cc0_0, 0, 32;
    %jmp T_13.16;
T_13.14 ;
    %pushi/vec4 4, 0, 4;
    %store/vec4 v0x5572a71aa0f0_0, 0, 4;
    %load/vec4 v0x5572a71a9c00_0;
    %parti/s 8, 24, 6;
    %load/vec4 v0x5572a71a9c00_0;
    %parti/s 8, 0, 2;
    %concat/vec4; draw_concat_vec4
    %load/vec4 v0x5572a71a9c00_0;
    %parti/s 16, 0, 2;
    %concat/vec4; draw_concat_vec4
    %store/vec4 v0x5572a71a9cc0_0, 0, 32;
    %jmp T_13.16;
T_13.15 ;
    %pushi/vec4 8, 0, 4;
    %store/vec4 v0x5572a71aa0f0_0, 0, 4;
    %load/vec4 v0x5572a71a9c00_0;
    %parti/s 8, 0, 2;
    %load/vec4 v0x5572a71a9c00_0;
    %parti/s 24, 0, 2;
    %concat/vec4; draw_concat_vec4
    %store/vec4 v0x5572a71a9cc0_0, 0, 32;
    %jmp T_13.16;
T_13.16 ;
    %pop/vec4 1;
T_13.10 ;
T_13.0 ;
    %load/vec4 v0x5572a71a9e40_0;
    %flag_set/vec4 8;
    %jmp/0xz  T_13.17, 8;
    %load/vec4 v0x5572a71a9d60_0;
    %cmpi/e 2, 0, 3;
    %jmp/0xz  T_13.19, 4;
    %load/vec4 v0x5572a71a9f30_0;
    %store/vec4 v0x5572a71aa010_0, 0, 32;
T_13.19 ;
    %load/vec4 v0x5572a71a9d60_0;
    %cmpi/e 1, 0, 3;
    %jmp/0xz  T_13.21, 4;
    %load/vec4 v0x5572a71a9b00_0;
    %pad/u 4;
    %dup/vec4;
    %pushi/vec4 0, 0, 4;
    %cmp/u;
    %jmp/1 T_13.23, 6;
    %dup/vec4;
    %pushi/vec4 10, 0, 4;
    %cmp/u;
    %jmp/1 T_13.24, 6;
    %dup/vec4;
    %pushi/vec4 1, 0, 4;
    %cmp/u;
    %jmp/1 T_13.25, 6;
    %jmp T_13.26;
T_13.23 ;
    %load/vec4 v0x5572a71a9f30_0;
    %parti/s 1, 15, 5;
    %replicate 16;
    %load/vec4 v0x5572a71a9f30_0;
    %parti/s 16, 0, 2;
    %concat/vec4; draw_concat_vec4
    %store/vec4 v0x5572a71aa010_0, 0, 32;
    %jmp T_13.26;
T_13.24 ;
    %load/vec4 v0x5572a71a9f30_0;
    %parti/s 1, 23, 6;
    %replicate 16;
    %load/vec4 v0x5572a71a9f30_0;
    %parti/s 16, 8, 5;
    %concat/vec4; draw_concat_vec4
    %store/vec4 v0x5572a71aa010_0, 0, 32;
    %jmp T_13.26;
T_13.25 ;
    %load/vec4 v0x5572a71a9f30_0;
    %parti/s 1, 31, 6;
    %replicate 16;
    %load/vec4 v0x5572a71a9f30_0;
    %parti/s 16, 16, 6;
    %concat/vec4; draw_concat_vec4
    %store/vec4 v0x5572a71aa010_0, 0, 32;
    %jmp T_13.26;
T_13.26 ;
    %pop/vec4 1;
T_13.21 ;
    %load/vec4 v0x5572a71a9d60_0;
    %cmpi/e 0, 0, 3;
    %jmp/0xz  T_13.27, 4;
    %load/vec4 v0x5572a71a9b00_0;
    %pad/u 4;
    %dup/vec4;
    %pushi/vec4 0, 0, 4;
    %cmp/u;
    %jmp/1 T_13.29, 6;
    %dup/vec4;
    %pushi/vec4 10, 0, 4;
    %cmp/u;
    %jmp/1 T_13.30, 6;
    %dup/vec4;
    %pushi/vec4 1, 0, 4;
    %cmp/u;
    %jmp/1 T_13.31, 6;
    %dup/vec4;
    %pushi/vec4 11, 0, 4;
    %cmp/u;
    %jmp/1 T_13.32, 6;
    %jmp T_13.33;
T_13.29 ;
    %load/vec4 v0x5572a71a9f30_0;
    %parti/s 1, 7, 4;
    %replicate 24;
    %load/vec4 v0x5572a71a9f30_0;
    %parti/s 8, 0, 2;
    %concat/vec4; draw_concat_vec4
    %store/vec4 v0x5572a71aa010_0, 0, 32;
    %jmp T_13.33;
T_13.30 ;
    %load/vec4 v0x5572a71a9f30_0;
    %parti/s 1, 15, 5;
    %replicate 24;
    %load/vec4 v0x5572a71a9f30_0;
    %parti/s 8, 8, 5;
    %concat/vec4; draw_concat_vec4
    %store/vec4 v0x5572a71aa010_0, 0, 32;
    %jmp T_13.33;
T_13.31 ;
    %load/vec4 v0x5572a71a9f30_0;
    %parti/s 1, 23, 6;
    %replicate 24;
    %load/vec4 v0x5572a71a9f30_0;
    %parti/s 8, 16, 6;
    %concat/vec4; draw_concat_vec4
    %store/vec4 v0x5572a71aa010_0, 0, 32;
    %jmp T_13.33;
T_13.32 ;
    %load/vec4 v0x5572a71a9f30_0;
    %parti/s 1, 31, 6;
    %replicate 24;
    %load/vec4 v0x5572a71a9f30_0;
    %parti/s 8, 24, 6;
    %concat/vec4; draw_concat_vec4
    %store/vec4 v0x5572a71aa010_0, 0, 32;
    %jmp T_13.33;
T_13.33 ;
    %pop/vec4 1;
    %load/vec4 v0x5572a71a9d60_0;
    %cmpi/e 5, 0, 3;
    %jmp/0xz  T_13.34, 4;
    %load/vec4 v0x5572a71a9b00_0;
    %pad/u 4;
    %dup/vec4;
    %pushi/vec4 0, 0, 4;
    %cmp/u;
    %jmp/1 T_13.36, 6;
    %dup/vec4;
    %pushi/vec4 10, 0, 4;
    %cmp/u;
    %jmp/1 T_13.37, 6;
    %dup/vec4;
    %pushi/vec4 1, 0, 4;
    %cmp/u;
    %jmp/1 T_13.38, 6;
    %jmp T_13.39;
T_13.36 ;
    %pushi/vec4 0, 0, 16;
    %load/vec4 v0x5572a71a9f30_0;
    %parti/s 16, 0, 2;
    %concat/vec4; draw_concat_vec4
    %store/vec4 v0x5572a71aa010_0, 0, 32;
    %jmp T_13.39;
T_13.37 ;
    %pushi/vec4 0, 0, 16;
    %load/vec4 v0x5572a71a9f30_0;
    %parti/s 16, 8, 5;
    %concat/vec4; draw_concat_vec4
    %store/vec4 v0x5572a71aa010_0, 0, 32;
    %jmp T_13.39;
T_13.38 ;
    %pushi/vec4 0, 0, 16;
    %load/vec4 v0x5572a71a9f30_0;
    %parti/s 16, 16, 6;
    %concat/vec4; draw_concat_vec4
    %store/vec4 v0x5572a71aa010_0, 0, 32;
    %jmp T_13.39;
T_13.39 ;
    %pop/vec4 1;
T_13.34 ;
    %load/vec4 v0x5572a71a9d60_0;
    %cmpi/e 4, 0, 3;
    %jmp/0xz  T_13.40, 4;
    %load/vec4 v0x5572a71a9b00_0;
    %pad/u 4;
    %dup/vec4;
    %pushi/vec4 0, 0, 4;
    %cmp/u;
    %jmp/1 T_13.42, 6;
    %dup/vec4;
    %pushi/vec4 10, 0, 4;
    %cmp/u;
    %jmp/1 T_13.43, 6;
    %dup/vec4;
    %pushi/vec4 1, 0, 4;
    %cmp/u;
    %jmp/1 T_13.44, 6;
    %dup/vec4;
    %pushi/vec4 11, 0, 4;
    %cmp/u;
    %jmp/1 T_13.45, 6;
    %jmp T_13.46;
T_13.42 ;
    %pushi/vec4 0, 0, 24;
    %load/vec4 v0x5572a71a9f30_0;
    %parti/s 8, 0, 2;
    %concat/vec4; draw_concat_vec4
    %store/vec4 v0x5572a71aa010_0, 0, 32;
    %jmp T_13.46;
T_13.43 ;
    %pushi/vec4 0, 0, 24;
    %load/vec4 v0x5572a71a9f30_0;
    %parti/s 8, 8, 5;
    %concat/vec4; draw_concat_vec4
    %store/vec4 v0x5572a71aa010_0, 0, 32;
    %jmp T_13.46;
T_13.44 ;
    %pushi/vec4 0, 0, 24;
    %load/vec4 v0x5572a71a9f30_0;
    %parti/s 8, 16, 6;
    %concat/vec4; draw_concat_vec4
    %store/vec4 v0x5572a71aa010_0, 0, 32;
    %jmp T_13.46;
T_13.45 ;
    %pushi/vec4 0, 0, 24;
    %load/vec4 v0x5572a71a9f30_0;
    %parti/s 8, 24, 6;
    %concat/vec4; draw_concat_vec4
    %store/vec4 v0x5572a71aa010_0, 0, 32;
    %jmp T_13.46;
T_13.46 ;
    %pop/vec4 1;
T_13.40 ;
T_13.27 ;
T_13.17 ;
    %jmp T_13;
    .thread T_13, $push;
    .scope S_0x5572a71a94b0;
T_14 ;
    %wait E_0x5572a71a9750;
    %load/vec4 v0x5572a71aa6d0_0;
    %load/vec4 v0x5572a71aaa30_0;
    %or;
    %store/vec4 v0x5572a71aa970_0, 0, 1;
    %load/vec4 v0x5572a71aaa30_0;
    %store/vec4 v0x5572a71aa8b0_0, 0, 1;
    %jmp T_14;
    .thread T_14, $push;
    .scope S_0x5572a71ab120;
T_15 ;
    %wait E_0x5572a71ab400;
    %load/vec4 v0x5572a71ab980_0;
    %dup/vec4;
    %pushi/vec4 0, 0, 2;
    %cmp/u;
    %jmp/1 T_15.0, 6;
    %dup/vec4;
    %pushi/vec4 1, 0, 2;
    %cmp/u;
    %jmp/1 T_15.1, 6;
    %dup/vec4;
    %pushi/vec4 2, 0, 2;
    %cmp/u;
    %jmp/1 T_15.2, 6;
    %dup/vec4;
    %pushi/vec4 3, 0, 2;
    %cmp/u;
    %jmp/1 T_15.3, 6;
    %jmp T_15.4;
T_15.0 ;
    %load/vec4 v0x5572a71ab460_0;
    %store/vec4 v0x5572a71ab820_0, 0, 32;
    %jmp T_15.4;
T_15.1 ;
    %load/vec4 v0x5572a71ab540_0;
    %store/vec4 v0x5572a71ab820_0, 0, 32;
    %jmp T_15.4;
T_15.2 ;
    %load/vec4 v0x5572a71ab650_0;
    %store/vec4 v0x5572a71ab820_0, 0, 32;
    %jmp T_15.4;
T_15.3 ;
    %load/vec4 v0x5572a71ab740_0;
    %store/vec4 v0x5572a71ab820_0, 0, 32;
    %jmp T_15.4;
T_15.4 ;
    %pop/vec4 1;
    %jmp T_15;
    .thread T_15, $push;
    .scope S_0x5572a71add00;
T_16 ;
    %vpi_call 23 16 "$readmemh", "tb/instruc.mem", v0x5572a71ae290 {0 0 0};
    %end;
    .thread T_16;
    .scope S_0x5572a71add00;
T_17 ;
    %wait E_0x5572a71ab320;
    %load/vec4 v0x5572a71ae3f0_0;
    %load/vec4 v0x5572a71ae350_0;
    %and;
    %flag_set/vec4 8;
    %jmp/0xz  T_17.0, 8;
    %load/vec4 v0x5572a71ae1d0_0;
    %parti/s 1, 0, 2;
    %flag_set/vec4 8;
    %jmp/0xz  T_17.2, 8;
    %load/vec4 v0x5572a71ae090_0;
    %parti/s 8, 0, 2;
    %load/vec4 v0x5572a71aded0_0;
    %pad/u 10;
    %ix/vec4 3;
    %ix/load 4, 0, 0; Constant delay
    %assign/vec4/a/d v0x5572a71ae290, 0, 4;
T_17.2 ;
    %load/vec4 v0x5572a71ae1d0_0;
    %parti/s 1, 1, 2;
    %flag_set/vec4 8;
    %jmp/0xz  T_17.4, 8;
    %load/vec4 v0x5572a71ae090_0;
    %parti/s 8, 8, 5;
    %load/vec4 v0x5572a71aded0_0;
    %pad/u 10;
    %ix/vec4 3;
    %ix/load 4, 8, 0; part off
    %ix/load 5, 0, 0; Constant delay
    %assign/vec4/a/d v0x5572a71ae290, 4, 5;
T_17.4 ;
    %load/vec4 v0x5572a71ae1d0_0;
    %parti/s 1, 2, 3;
    %flag_set/vec4 8;
    %jmp/0xz  T_17.6, 8;
    %load/vec4 v0x5572a71ae090_0;
    %parti/s 8, 16, 6;
    %load/vec4 v0x5572a71aded0_0;
    %pad/u 10;
    %ix/vec4 3;
    %ix/load 4, 16, 0; part off
    %ix/load 5, 0, 0; Constant delay
    %assign/vec4/a/d v0x5572a71ae290, 4, 5;
T_17.6 ;
    %load/vec4 v0x5572a71ae1d0_0;
    %parti/s 1, 3, 3;
    %flag_set/vec4 8;
    %jmp/0xz  T_17.8, 8;
    %load/vec4 v0x5572a71ae090_0;
    %parti/s 8, 24, 6;
    %load/vec4 v0x5572a71aded0_0;
    %pad/u 10;
    %ix/vec4 3;
    %ix/load 4, 24, 0; part off
    %ix/load 5, 0, 0; Constant delay
    %assign/vec4/a/d v0x5572a71ae290, 4, 5;
T_17.8 ;
    %pushi/vec4 0, 0, 1;
    %assign/vec4 v0x5572a71ae490_0, 0;
T_17.0 ;
    %jmp T_17;
    .thread T_17;
    .scope S_0x5572a71add00;
T_18 ;
    %wait E_0x5572a71ab320;
    %load/vec4 v0x5572a71ae3f0_0;
    %load/vec4 v0x5572a71ae350_0;
    %pushi/vec4 0, 0, 1;
    %cmp/e;
    %flag_get/vec4 4;
    %and;
    %flag_set/vec4 8;
    %jmp/0xz  T_18.0, 8;
    %pushi/vec4 1, 0, 1;
    %assign/vec4 v0x5572a71ae490_0, 0;
    %load/vec4 v0x5572a71aded0_0;
    %pad/u 10;
    %ix/vec4 4;
    %load/vec4a v0x5572a71ae290, 4;
    %assign/vec4 v0x5572a71ae130_0, 0;
T_18.0 ;
    %jmp T_18;
    .thread T_18;
    .scope S_0x5572a714ba90;
T_19 ;
    %pushi/vec4 0, 0, 1;
    %store/vec4 v0x5572a71affc0_0, 0, 1;
    %pushi/vec4 1, 0, 1;
    %store/vec4 v0x5572a71b0190_0, 0, 1;
    %delay 10000, 0;
    %pushi/vec4 0, 0, 1;
    %store/vec4 v0x5572a71b0190_0, 0, 1;
    %delay 10000, 0;
    %pushi/vec4 1, 0, 1;
    %store/vec4 v0x5572a71b0190_0, 0, 1;
    %delay 140000, 0;
    %vpi_call 2 25 "$finish" {0 0 0};
    %end;
    .thread T_19;
    .scope S_0x5572a714ba90;
T_20 ;
    %vpi_call 2 28 "$dumpfile", "temp/microprocessor.vcd" {0 0 0};
    %vpi_call 2 29 "$dumpvars", 32'sb00000000000000000000000000000000, S_0x5572a714ba90 {0 0 0};
    %end;
    .thread T_20;
    .scope S_0x5572a714ba90;
T_21 ;
    %delay 5000, 0;
    %load/vec4 v0x5572a71affc0_0;
    %inv;
    %store/vec4 v0x5572a71affc0_0, 0, 1;
    %jmp T_21;
    .thread T_21;
# The file index is used to find the file name in the following table.
:file_names 24;
    "N/A";
    "<interactive>";
    "/home/kulsoom/RV32I_Microprocessor/5_stages_of_singlecycle/tb/5_stages_of_singlecycle_tb.v";
    "/home/kulsoom/RV32I_Microprocessor/5_stages_of_singlecycle/src/5_stages_of_singlecycle.v";
    "/home/kulsoom/RV32I_Microprocessor/5_stages_of_singlecycle/src/core.v";
    "/home/kulsoom/RV32I_Microprocessor/5_stages_of_singlecycle/src/decode.v";
    "/home/kulsoom/RV32I_Microprocessor/5_stages_of_singlecycle/src/branch.v";
    "/home/kulsoom/RV32I_Microprocessor/5_stages_of_singlecycle/src/ctrl_unit.v";
    "/home/kulsoom/RV32I_Microprocessor/5_stages_of_singlecycle/src/control_decoder.v";
    "/home/kulsoom/RV32I_Microprocessor/5_stages_of_singlecycle/src/type_decoder.v";
    "/home/kulsoom/RV32I_Microprocessor/5_stages_of_singlecycle/src/imm_gen.v";
    "/home/kulsoom/RV32I_Microprocessor/5_stages_of_singlecycle/src/mux3_8.v";
    "/home/kulsoom/RV32I_Microprocessor/5_stages_of_singlecycle/src/mux.v";
    "/home/kulsoom/RV32I_Microprocessor/5_stages_of_singlecycle/src/reg_file.v";
    "/home/kulsoom/RV32I_Microprocessor/5_stages_of_singlecycle/src/execute.v";
    "/home/kulsoom/RV32I_Microprocessor/5_stages_of_singlecycle/src/adder.v";
    "/home/kulsoom/RV32I_Microprocessor/5_stages_of_singlecycle/src/alu.v";
    "/home/kulsoom/RV32I_Microprocessor/5_stages_of_singlecycle/src/fetch.v";
    "/home/kulsoom/RV32I_Microprocessor/5_stages_of_singlecycle/src/pc.v";
    "/home/kulsoom/RV32I_Microprocessor/5_stages_of_singlecycle/src/memory.v";
    "/home/kulsoom/RV32I_Microprocessor/5_stages_of_singlecycle/src/wrappermem.v";
    "/home/kulsoom/RV32I_Microprocessor/5_stages_of_singlecycle/src/writeback.v";
    "/home/kulsoom/RV32I_Microprocessor/5_stages_of_singlecycle/src/mux2_4.v";
    "/home/kulsoom/RV32I_Microprocessor/5_stages_of_singlecycle/src/main_mem.v";
